#
# There is insufficient memory for the Java Runtime Environment to continue.
# Native memory allocation (mmap) failed to map 231735296 bytes for Failed to commit area from 0x000000008dd00000 to 0x000000009ba00000 of length 231735296.
# Possible reasons:
#   The system is out of physical RAM or swap space
#   The process is running with CompressedOops enabled, and the Java Heap may be blocking the growth of the native heap
# Possible solutions:
#   Reduce memory load on the system
#   Increase physical memory or swap space
#   Check if swap backing store is full
#   Decrease Java heap size (-Xmx/-Xms)
#   Decrease number of Java threads
#   Decrease Java thread stack sizes (-Xss)
#   Set larger code cache with -XX:ReservedCodeCacheSize=
#   JVM is running with Unscaled Compressed Oops mode in which the Java heap is
#     placed in the first 4GB address space. The Java Heap base address is the
#     maximum limit for the native heap growth. Please use -XX:HeapBaseMinAddress
#     to set the Java Heap base and to place the Java Heap above 4GB virtual address.
# This output file may be truncated or incomplete.
#
#  Out of Memory Error (./src/hotspot/os/windows/os_windows.cpp:3303), pid=23368, tid=17620
#
# JRE version: OpenJDK Runtime Environment (11.0.8+10) (build 11.0.8+10-b944.6842174)
# Java VM: OpenJDK 64-Bit Server VM (11.0.8+10-b944.6842174, mixed mode, tiered, compressed oops, g1 gc, windows-amd64)
# No core dump will be written. Minidumps are not enabled by default on client versions of Windows
#

---------------  S U M M A R Y ------------

Command Line: --add-opens=java.base/java.util=ALL-UNNAMED --add-opens=java.base/java.lang=ALL-UNNAMED --add-opens=java.base/java.lang.invoke=ALL-UNNAMED --add-opens=java.prefs/java.util.prefs=ALL-UNNAMED -Xmx2048m -Dfile.encoding=UTF-8 -Duser.country=RU -Duser.language=ru -Duser.variant org.gradle.launcher.daemon.bootstrap.GradleDaemon 6.7.1

Host: Intel(R) Core(TM) i5-8400 CPU @ 2.80GHz, 6 cores, 7G,  Windows 10 , 64 bit Build 18362 (10.0.18362.1500)
Time: Thu Jul 22 23:48:50 2021 RTZ 2 (ceia) elapsed time: 38 seconds (0d 0h 0m 38s)

---------------  T H R E A D  ---------------

Current thread (0x0000015a56f77800):  VMThread "VM Thread" [stack: 0x0000000f5de00000,0x0000000f5df00000] [id=17620]

Stack: [0x0000000f5de00000,0x0000000f5df00000]
[error occurred during error reporting (printing stack bounds), id 0xc0000005, EXCEPTION_ACCESS_VIOLATION (0xc0000005) at pc=0x0000015a40a40dad]

Native frames: (J=compiled Java code, j=interpreted, Vv=VM code, C=native code)
V  [jvm.dll+0x5de50a]
V  [jvm.dll+0x7122f5]
V  [jvm.dll+0x71384d]
V  [jvm.dll+0x713e65]
V  [jvm.dll+0x713e1b]
V  [jvm.dll+0x5dd958]
V  [jvm.dll+0x5de0f8]
C  [ntdll.dll+0xa1fff]
C  [ntdll.dll+0x6aad9]
C  [ntdll.dll+0xa0c6e]
C  0x0000015a40a40dad

VM_Operation (0x0000000f69cfe1d0): G1CollectForAllocation, mode: safepoint, requested by thread 0x0000015a5e74c000


---------------  P R O C E S S  ---------------

Threads class SMR info:
_java_thread_list=0x0000015a5e319050, length=185, elements={
0x0000015a3d0cd800, 0x0000015a56f7a800, 0x0000015a56f85800, 0x0000015a5790a000,
0x0000015a5790c000, 0x0000015a5790d800, 0x0000015a57910800, 0x0000015a56fa5000,
0x0000015a57a73800, 0x0000015a57a8c000, 0x0000015a59771800, 0x0000015a57b5f800,
0x0000015a59036000, 0x0000015a59427800, 0x0000015a596b3800, 0x0000015a58c9f800,
0x0000015a592f9800, 0x0000015a58f6f800, 0x0000015a58bc8000, 0x0000015a5905b000,
0x0000015a59ba1000, 0x0000015a59b9d000, 0x0000015a59ba3000, 0x0000015a59b9f800,
0x0000015a59ba0800, 0x0000015a59ba2000, 0x0000015a59ba3800, 0x0000015a59b9e000,
0x0000015a59b9e800, 0x0000015a5bed3000, 0x0000015a5bed8000, 0x0000015a5bed8800,
0x0000015a5bed9800, 0x0000015a5bed4000, 0x0000015a5beda800, 0x0000015a5bed4800,
0x0000015a5bedd000, 0x0000015a5bede800, 0x0000015a5bedd800, 0x0000015a5bedf800,
0x0000015a5bee0000, 0x0000015a5bee1000, 0x0000015a5bedb000, 0x0000015a5bee1800,
0x0000015a5bedc000, 0x0000015a581e2800, 0x0000015a581e6800, 0x0000015a581e7800,
0x0000015a581e5800, 0x0000015a581e1800, 0x0000015a581e8000, 0x0000015a581e3800,
0x0000015a581e9000, 0x0000015a581ea000, 0x0000015a581e4000, 0x0000015a581ea800,
0x0000015a581e5000, 0x0000015a581ed000, 0x0000015a581ef800, 0x0000015a581eb800,
0x0000015a581ec800, 0x0000015a581ee000, 0x0000015a581ee800, 0x0000015a581f0800,
0x0000015a57953800, 0x0000015a5795a800, 0x0000015a57955800, 0x0000015a57958000,
0x0000015a57954800, 0x0000015a57958800, 0x0000015a57959800, 0x0000015a5795c000,
0x0000015a5795b000, 0x0000015a57956000, 0x0000015a5795c800, 0x0000015a57957000,
0x0000015a5795e800, 0x0000015a57961800, 0x0000015a57962800, 0x0000015a57960000,
0x0000015a57961000, 0x0000015a5795f000, 0x0000015a5795d800, 0x0000015a5d268800,
0x0000015a5d26b000, 0x0000015a5d26c800, 0x0000015a5d26b800, 0x0000015a5d269800,
0x0000015a5d267000, 0x0000015a5d26a000, 0x0000015a5d26d800, 0x0000015a5d267800,
0x0000015a5d26e000, 0x0000015a5d26f000, 0x0000015a5d272800, 0x0000015a5d273000,
0x0000015a5d274800, 0x0000015a5d270800, 0x0000015a5d274000, 0x0000015a5d275800,
0x0000015a5d271800, 0x0000015a5d270000, 0x0000015a57dd4800, 0x0000015a57dda800,
0x0000015a57dd5800, 0x0000015a57dd7000, 0x0000015a57dd8000, 0x0000015a57ddc000,
0x0000015a57dd6000, 0x0000015a57ddb000, 0x0000015a57ddc800, 0x0000015a57ddd800,
0x0000015a57dde800, 0x0000015a57dd8800, 0x0000015a57ddf000, 0x0000015a57dd9800,
0x0000015a57de3000, 0x0000015a57de0000, 0x0000015a57de2800, 0x0000015a57de1800,
0x0000015a57de1000, 0x0000015a5bb23800, 0x0000015a5bb27800, 0x0000015a5bb28000,
0x0000015a5bb25000, 0x0000015a5bb24000, 0x0000015a5bb22800, 0x0000015a5bb29000,
0x0000015a5bb2a000, 0x0000015a5bb25800, 0x0000015a5bb2a800, 0x0000015a5bb2b800,
0x0000015a5bb2c800, 0x0000015a5bb26800, 0x0000015a5bb2d000, 0x0000015a5bb31000,
0x0000015a5bb2e800, 0x0000015a5bb2f800, 0x0000015a5bb30800, 0x0000015a5bb2e000,
0x0000015a5a0db000, 0x0000015a5a0df000, 0x0000015a5a0de800, 0x0000015a5a0da800,
0x0000015a5a0dd800, 0x0000015a5a0d9800, 0x0000015a5a0dc000, 0x0000015a5a0e0000,
0x0000015a5a0e1000, 0x0000015a5a0e1800, 0x0000015a5a0e2800, 0x0000015a5a0dd000,
0x0000015a5a0e5000, 0x0000015a5a0e6000, 0x0000015a5a0e7800, 0x0000015a5a0e4000,
0x0000015a5a0e6800, 0x0000015a5a0e8000, 0x0000015a5f1e9000, 0x0000015a5f1ea800,
0x0000015a5f1ea000, 0x0000015a5f1eb800, 0x0000015a5f1e6800, 0x0000015a5f1ed000,
0x0000015a5f1ec800, 0x0000015a5f1ee000, 0x0000015a5f1e8800, 0x0000015a5f1f1800,
0x0000015a5f1f3000, 0x0000015a5f1ef800, 0x0000015a5f1ef000, 0x0000015a5f1f3800,
0x0000015a5f1f4800, 0x0000015a5f1f2000, 0x0000015a5e749800, 0x0000015a5e745000,
0x0000015a5e749000, 0x0000015a5e745800, 0x0000015a5d033800, 0x0000015a5e744000,
0x0000015a5e74d000, 0x0000015a5e74c000, 0x0000015a5e748000, 0x0000015a5e747000,
0x0000015a5e74a800
}

Java Threads: ( => current thread )
  0x0000015a3d0cd800 JavaThread "main" [_thread_blocked, id=14320, stack(0x0000000f5d800000,0x0000000f5d900000)]
  0x0000015a56f7a800 JavaThread "Reference Handler" daemon [_thread_blocked, id=23084, stack(0x0000000f5df00000,0x0000000f5e000000)]
  0x0000015a56f85800 JavaThread "Finalizer" daemon [_thread_blocked, id=22696, stack(0x0000000f5e000000,0x0000000f5e100000)]
  0x0000015a5790a000 JavaThread "Signal Dispatcher" daemon [_thread_blocked, id=13336, stack(0x0000000f5e100000,0x0000000f5e200000)]
  0x0000015a5790c000 JavaThread "Attach Listener" daemon [_thread_blocked, id=18420, stack(0x0000000f5e200000,0x0000000f5e300000)]
  0x0000015a5790d800 JavaThread "C2 CompilerThread0" daemon [_thread_blocked, id=22272, stack(0x0000000f5e300000,0x0000000f5e400000)]
  0x0000015a57910800 JavaThread "C1 CompilerThread0" daemon [_thread_blocked, id=22360, stack(0x0000000f5e400000,0x0000000f5e500000)]
  0x0000015a56fa5000 JavaThread "Sweeper thread" daemon [_thread_blocked, id=15552, stack(0x0000000f5e500000,0x0000000f5e600000)]
  0x0000015a57a73800 JavaThread "Common-Cleaner" daemon [_thread_blocked, id=9480, stack(0x0000000f5e600000,0x0000000f5e700000)]
  0x0000015a57a8c000 JavaThread "Service Thread" daemon [_thread_blocked, id=21984, stack(0x0000000f5e700000,0x0000000f5e800000)]
  0x0000015a59771800 JavaThread "Daemon health stats" [_thread_blocked, id=6340, stack(0x0000000f5ec00000,0x0000000f5ed00000)]
  0x0000015a57b5f800 JavaThread "Incoming local TCP Connector on port 63768" [_thread_in_native, id=20064, stack(0x0000000f5ee00000,0x0000000f5ef00000)]
  0x0000015a59036000 JavaThread "Daemon periodic checks" [_thread_blocked, id=8128, stack(0x0000000f5ef00000,0x0000000f5f000000)]
  0x0000015a59427800 JavaThread "Daemon" [_thread_blocked, id=18180, stack(0x0000000f5f000000,0x0000000f5f100000)]
  0x0000015a596b3800 JavaThread "Handler for socket connection from /127.0.0.1:63768 to /127.0.0.1:63769" [_thread_in_native, id=3444, stack(0x0000000f5f100000,0x0000000f5f200000)]
  0x0000015a58c9f800 JavaThread "Cancel handler" [_thread_blocked, id=4956, stack(0x0000000f5f300000,0x0000000f5f400000)]
  0x0000015a592f9800 JavaThread "Daemon worker" [_thread_blocked, id=2956, stack(0x0000000f5f400000,0x0000000f5f500000)]
  0x0000015a58f6f800 JavaThread "Asynchronous log dispatcher for DefaultDaemonConnection: socket connection from /127.0.0.1:63768 to /127.0.0.1:63769" [_thread_blocked, id=18384, stack(0x0000000f5f500000,0x0000000f5f600000)]
  0x0000015a58bc8000 JavaThread "Stdin handler" [_thread_blocked, id=15836, stack(0x0000000f5f600000,0x0000000f5f700000)]
  0x0000015a5905b000 JavaThread "Thread-8" [_thread_blocked, id=22564, stack(0x0000000f5f700000,0x0000000f5f800000)]
  0x0000015a59ba1000 JavaThread "Cache worker for file hash cache (C:\Users\Den-lpr\.gradle\caches\6.7.1\fileHashes)" [_thread_blocked, id=17104, stack(0x0000000f5fb00000,0x0000000f5fc00000)]
  0x0000015a59b9d000 JavaThread "File lock request listener" [_thread_in_native, id=18044, stack(0x0000000f5fc00000,0x0000000f5fd00000)]
  0x0000015a59ba3000 JavaThread "Cache worker for journal cache (C:\Users\Den-lpr\.gradle\caches\journal-1)" [_thread_blocked, id=6312, stack(0x0000000f5fe00000,0x0000000f5ff00000)]
  0x0000015a59b9f800 JavaThread "Cache worker for file hash cache (C:\Users\Den-lpr\AndroidStudioProjects\clean-architecture-android-materials\thirdApp\.gradle\6.7.1\fileHashes)" [_thread_blocked, id=1876, stack(0x0000000f5ff00000,0x0000000f60000000)]
  0x0000015a59ba0800 JavaThread "Cache worker for checksums cache (C:\Users\Den-lpr\AndroidStudioProjects\clean-architecture-android-materials\thirdApp\.gradle\checksums)" [_thread_blocked, id=19992, stack(0x0000000f60000000,0x0000000f60100000)]
  0x0000015a59ba2000 JavaThread "Cache worker for cache directory md-supplier (C:\Users\Den-lpr\.gradle\caches\6.7.1\md-supplier)" [_thread_blocked, id=18104, stack(0x0000000f60100000,0x0000000f60200000)]
  0x0000015a59ba3800 JavaThread "Cache worker for cache directory md-rule (C:\Users\Den-lpr\.gradle\caches\6.7.1\md-rule)" [_thread_blocked, id=22712, stack(0x0000000f60200000,0x0000000f60300000)]
  0x0000015a59b9e000 JavaThread "Cache worker for execution history cache (C:\Users\Den-lpr\.gradle\caches\6.7.1\executionHistory)" [_thread_blocked, id=16172, stack(0x0000000f60300000,0x0000000f60400000)]
  0x0000015a59b9e800 JavaThread "jar transforms" [_thread_blocked, id=3416, stack(0x0000000f60400000,0x0000000f60500000)]
  0x0000015a5bed3000 JavaThread "Cache worker for file content cache (C:\Users\Den-lpr\.gradle\caches\6.7.1\fileContent)" [_thread_blocked, id=5260, stack(0x0000000f60500000,0x0000000f60600000)]
  0x0000015a5bed8000 JavaThread "Cache worker for Build Output Cleanup Cache (C:\Users\Den-lpr\AndroidStudioProjects\clean-architecture-android-materials\thirdApp\.gradle\buildOutputCleanup)" [_thread_blocked, id=14708, stack(0x0000000f60600000,0x0000000f60700000)]
  0x0000015a5bed8800 JavaThread "File lock release action executor" [_thread_blocked, id=18804, stack(0x0000000f60700000,0x0000000f60800000)]
  0x0000015a5bed9800 JavaThread "Build operations" [_thread_blocked, id=14260, stack(0x0000000f5f200000,0x0000000f5f300000)]
  0x0000015a5bed4000 JavaThread "Build operations Thread 2" [_thread_blocked, id=9812, stack(0x0000000f60800000,0x0000000f60900000)]
  0x0000015a5beda800 JavaThread "Build operations Thread 3" [_thread_blocked, id=10360, stack(0x0000000f60900000,0x0000000f60a00000)]
  0x0000015a5bed4800 JavaThread "Build operations Thread 4" [_thread_blocked, id=12084, stack(0x0000000f60a00000,0x0000000f60b00000)]
  0x0000015a5bedd000 JavaThread "Build operations Thread 5" [_thread_blocked, id=8380, stack(0x0000000f60b00000,0x0000000f60c00000)]
  0x0000015a5bede800 JavaThread "Build operations Thread 6" [_thread_blocked, id=16312, stack(0x0000000f60c00000,0x0000000f60d00000)]
  0x0000015a5bedd800 JavaThread "jar transforms Thread 2" [_thread_blocked, id=17560, stack(0x0000000f60d00000,0x0000000f60e00000)]
  0x0000015a5bedf800 JavaThread "jar transforms Thread 3" [_thread_blocked, id=4524, stack(0x0000000f60e00000,0x0000000f60f00000)]
  0x0000015a5bee0000 JavaThread "jar transforms Thread 4" [_thread_blocked, id=22664, stack(0x0000000f60f00000,0x0000000f61000000)]
  0x0000015a5bee1000 JavaThread "jar transforms Thread 5" [_thread_blocked, id=2884, stack(0x0000000f61000000,0x0000000f61100000)]
  0x0000015a5bedb000 JavaThread "jar transforms Thread 6" [_thread_blocked, id=17264, stack(0x0000000f61100000,0x0000000f61200000)]
  0x0000015a5bee1800 JavaThread "jar transforms Thread 7" [_thread_blocked, id=11704, stack(0x0000000f61200000,0x0000000f61300000)]
  0x0000015a5bedc000 JavaThread "jar transforms Thread 8" [_thread_blocked, id=21544, stack(0x0000000f61300000,0x0000000f61400000)]
  0x0000015a581e2800 JavaThread "jar transforms Thread 9" [_thread_blocked, id=20156, stack(0x0000000f61400000,0x0000000f61500000)]
  0x0000015a581e6800 JavaThread "jar transforms Thread 10" [_thread_blocked, id=18460, stack(0x0000000f61500000,0x0000000f61600000)]
  0x0000015a581e7800 JavaThread "jar transforms Thread 11" [_thread_blocked, id=21336, stack(0x0000000f61600000,0x0000000f61700000)]
  0x0000015a581e5800 JavaThread "jar transforms Thread 12" [_thread_blocked, id=21244, stack(0x0000000f61700000,0x0000000f61800000)]
  0x0000015a581e1800 JavaThread "jar transforms Thread 13" [_thread_blocked, id=5828, stack(0x0000000f61800000,0x0000000f61900000)]
  0x0000015a581e8000 JavaThread "jar transforms Thread 14" [_thread_blocked, id=3940, stack(0x0000000f61900000,0x0000000f61a00000)]
  0x0000015a581e3800 JavaThread "jar transforms Thread 15" [_thread_blocked, id=20744, stack(0x0000000f61a00000,0x0000000f61b00000)]
  0x0000015a581e9000 JavaThread "jar transforms Thread 16" [_thread_blocked, id=22460, stack(0x0000000f61b00000,0x0000000f61c00000)]
  0x0000015a581ea000 JavaThread "jar transforms Thread 17" [_thread_blocked, id=15100, stack(0x0000000f61c00000,0x0000000f61d00000)]
  0x0000015a581e4000 JavaThread "jar transforms Thread 18" [_thread_blocked, id=16816, stack(0x0000000f61d00000,0x0000000f61e00000)]
  0x0000015a581ea800 JavaThread "jar transforms Thread 19" [_thread_blocked, id=19524, stack(0x0000000f61e00000,0x0000000f61f00000)]
  0x0000015a581e5000 JavaThread "jar transforms Thread 20" [_thread_blocked, id=3980, stack(0x0000000f61f00000,0x0000000f62000000)]
  0x0000015a581ed000 JavaThread "jar transforms Thread 21" [_thread_blocked, id=7216, stack(0x0000000f62000000,0x0000000f62100000)]
  0x0000015a581ef800 JavaThread "jar transforms Thread 22" [_thread_blocked, id=12220, stack(0x0000000f62100000,0x0000000f62200000)]
  0x0000015a581eb800 JavaThread "jar transforms Thread 23" [_thread_blocked, id=12204, stack(0x0000000f62200000,0x0000000f62300000)]
  0x0000015a581ec800 JavaThread "jar transforms Thread 24" [_thread_blocked, id=14292, stack(0x0000000f62300000,0x0000000f62400000)]
  0x0000015a581ee000 JavaThread "jar transforms Thread 25" [_thread_blocked, id=21480, stack(0x0000000f62400000,0x0000000f62500000)]
  0x0000015a581ee800 JavaThread "jar transforms Thread 26" [_thread_blocked, id=22884, stack(0x0000000f62500000,0x0000000f62600000)]
  0x0000015a581f0800 JavaThread "jar transforms Thread 27" [_thread_blocked, id=16956, stack(0x0000000f62600000,0x0000000f62700000)]
  0x0000015a57953800 JavaThread "jar transforms Thread 28" [_thread_blocked, id=12720, stack(0x0000000f62700000,0x0000000f62800000)]
  0x0000015a5795a800 JavaThread "jar transforms Thread 29" [_thread_blocked, id=14372, stack(0x0000000f62800000,0x0000000f62900000)]
  0x0000015a57955800 JavaThread "jar transforms Thread 30" [_thread_blocked, id=18740, stack(0x0000000f62900000,0x0000000f62a00000)]
  0x0000015a57958000 JavaThread "jar transforms Thread 31" [_thread_blocked, id=21360, stack(0x0000000f62a00000,0x0000000f62b00000)]
  0x0000015a57954800 JavaThread "jar transforms Thread 32" [_thread_blocked, id=22856, stack(0x0000000f62b00000,0x0000000f62c00000)]
  0x0000015a57958800 JavaThread "jar transforms Thread 33" [_thread_blocked, id=13660, stack(0x0000000f62c00000,0x0000000f62d00000)]
  0x0000015a57959800 JavaThread "jar transforms Thread 34" [_thread_blocked, id=1116, stack(0x0000000f62d00000,0x0000000f62e00000)]
  0x0000015a5795c000 JavaThread "jar transforms Thread 35" [_thread_blocked, id=8432, stack(0x0000000f62e00000,0x0000000f62f00000)]
  0x0000015a5795b000 JavaThread "jar transforms Thread 36" [_thread_blocked, id=2612, stack(0x0000000f62f00000,0x0000000f63000000)]
  0x0000015a57956000 JavaThread "jar transforms Thread 37" [_thread_blocked, id=19880, stack(0x0000000f63000000,0x0000000f63100000)]
  0x0000015a5795c800 JavaThread "jar transforms Thread 38" [_thread_blocked, id=15508, stack(0x0000000f63100000,0x0000000f63200000)]
  0x0000015a57957000 JavaThread "jar transforms Thread 39" [_thread_blocked, id=6844, stack(0x0000000f63200000,0x0000000f63300000)]
  0x0000015a5795e800 JavaThread "jar transforms Thread 40" [_thread_blocked, id=20536, stack(0x0000000f63300000,0x0000000f63400000)]
  0x0000015a57961800 JavaThread "jar transforms Thread 41" [_thread_blocked, id=3912, stack(0x0000000f63400000,0x0000000f63500000)]
  0x0000015a57962800 JavaThread "jar transforms Thread 42" [_thread_blocked, id=1756, stack(0x0000000f63500000,0x0000000f63600000)]
  0x0000015a57960000 JavaThread "jar transforms Thread 43" [_thread_blocked, id=7916, stack(0x0000000f63600000,0x0000000f63700000)]
  0x0000015a57961000 JavaThread "jar transforms Thread 44" [_thread_blocked, id=11916, stack(0x0000000f63700000,0x0000000f63800000)]
  0x0000015a5795f000 JavaThread "jar transforms Thread 45" [_thread_blocked, id=13840, stack(0x0000000f63800000,0x0000000f63900000)]
  0x0000015a5795d800 JavaThread "jar transforms Thread 46" [_thread_blocked, id=18112, stack(0x0000000f63900000,0x0000000f63a00000)]
  0x0000015a5d268800 JavaThread "jar transforms Thread 47" [_thread_blocked, id=16636, stack(0x0000000f63a00000,0x0000000f63b00000)]
  0x0000015a5d26b000 JavaThread "jar transforms Thread 48" [_thread_blocked, id=1056, stack(0x0000000f63b00000,0x0000000f63c00000)]
  0x0000015a5d26c800 JavaThread "jar transforms Thread 49" [_thread_blocked, id=18920, stack(0x0000000f63c00000,0x0000000f63d00000)]
  0x0000015a5d26b800 JavaThread "jar transforms Thread 50" [_thread_blocked, id=22280, stack(0x0000000f63d00000,0x0000000f63e00000)]
  0x0000015a5d269800 JavaThread "jar transforms Thread 51" [_thread_blocked, id=16716, stack(0x0000000f63e00000,0x0000000f63f00000)]
  0x0000015a5d267000 JavaThread "jar transforms Thread 52" [_thread_blocked, id=19128, stack(0x0000000f63f00000,0x0000000f64000000)]
  0x0000015a5d26a000 JavaThread "jar transforms Thread 53" [_thread_blocked, id=9960, stack(0x0000000f64000000,0x0000000f64100000)]
  0x0000015a5d26d800 JavaThread "jar transforms Thread 54" [_thread_blocked, id=14872, stack(0x0000000f64100000,0x0000000f64200000)]
  0x0000015a5d267800 JavaThread "jar transforms Thread 55" [_thread_blocked, id=13136, stack(0x0000000f64200000,0x0000000f64300000)]
  0x0000015a5d26e000 JavaThread "jar transforms Thread 56" [_thread_blocked, id=10836, stack(0x0000000f64300000,0x0000000f64400000)]
  0x0000015a5d26f000 JavaThread "jar transforms Thread 57" [_thread_blocked, id=23080, stack(0x0000000f64400000,0x0000000f64500000)]
  0x0000015a5d272800 JavaThread "jar transforms Thread 58" [_thread_blocked, id=9088, stack(0x0000000f64500000,0x0000000f64600000)]
  0x0000015a5d273000 JavaThread "jar transforms Thread 59" [_thread_blocked, id=21864, stack(0x0000000f64600000,0x0000000f64700000)]
  0x0000015a5d274800 JavaThread "jar transforms Thread 60" [_thread_blocked, id=10080, stack(0x0000000f64700000,0x0000000f64800000)]
  0x0000015a5d270800 JavaThread "jar transforms Thread 61" [_thread_blocked, id=17312, stack(0x0000000f64800000,0x0000000f64900000)]
  0x0000015a5d274000 JavaThread "jar transforms Thread 62" [_thread_blocked, id=3344, stack(0x0000000f64900000,0x0000000f64a00000)]
  0x0000015a5d275800 JavaThread "jar transforms Thread 63" [_thread_blocked, id=19980, stack(0x0000000f64a00000,0x0000000f64b00000)]
  0x0000015a5d271800 JavaThread "jar transforms Thread 64" [_thread_blocked, id=10540, stack(0x0000000f64b00000,0x0000000f64c00000)]
  0x0000015a5d270000 JavaThread "jar transforms Thread 65" [_thread_blocked, id=17584, stack(0x0000000f64c00000,0x0000000f64d00000)]
  0x0000015a57dd4800 JavaThread "jar transforms Thread 66" [_thread_blocked, id=16068, stack(0x0000000f64d00000,0x0000000f64e00000)]
  0x0000015a57dda800 JavaThread "jar transforms Thread 67" [_thread_blocked, id=3212, stack(0x0000000f64e00000,0x0000000f64f00000)]
  0x0000015a57dd5800 JavaThread "jar transforms Thread 68" [_thread_blocked, id=18996, stack(0x0000000f64f00000,0x0000000f65000000)]
  0x0000015a57dd7000 JavaThread "jar transforms Thread 69" [_thread_blocked, id=7720, stack(0x0000000f65000000,0x0000000f65100000)]
  0x0000015a57dd8000 JavaThread "jar transforms Thread 70" [_thread_blocked, id=21492, stack(0x0000000f65100000,0x0000000f65200000)]
  0x0000015a57ddc000 JavaThread "jar transforms Thread 71" [_thread_blocked, id=19708, stack(0x0000000f65200000,0x0000000f65300000)]
  0x0000015a57dd6000 JavaThread "jar transforms Thread 72" [_thread_blocked, id=10036, stack(0x0000000f65300000,0x0000000f65400000)]
  0x0000015a57ddb000 JavaThread "jar transforms Thread 73" [_thread_blocked, id=14028, stack(0x0000000f65400000,0x0000000f65500000)]
  0x0000015a57ddc800 JavaThread "jar transforms Thread 74" [_thread_blocked, id=22284, stack(0x0000000f65500000,0x0000000f65600000)]
  0x0000015a57ddd800 JavaThread "jar transforms Thread 75" [_thread_blocked, id=18176, stack(0x0000000f65600000,0x0000000f65700000)]
  0x0000015a57dde800 JavaThread "jar transforms Thread 76" [_thread_blocked, id=23176, stack(0x0000000f65700000,0x0000000f65800000)]
  0x0000015a57dd8800 JavaThread "jar transforms Thread 77" [_thread_blocked, id=13784, stack(0x0000000f65800000,0x0000000f65900000)]
  0x0000015a57ddf000 JavaThread "jar transforms Thread 78" [_thread_blocked, id=17752, stack(0x0000000f65900000,0x0000000f65a00000)]
  0x0000015a57dd9800 JavaThread "jar transforms Thread 79" [_thread_blocked, id=17596, stack(0x0000000f65a00000,0x0000000f65b00000)]
  0x0000015a57de3000 JavaThread "jar transforms Thread 80" [_thread_blocked, id=20940, stack(0x0000000f65b00000,0x0000000f65c00000)]
  0x0000015a57de0000 JavaThread "jar transforms Thread 81" [_thread_blocked, id=8076, stack(0x0000000f65c00000,0x0000000f65d00000)]
  0x0000015a57de2800 JavaThread "jar transforms Thread 82" [_thread_blocked, id=23216, stack(0x0000000f65d00000,0x0000000f65e00000)]
  0x0000015a57de1800 JavaThread "jar transforms Thread 83" [_thread_blocked, id=7272, stack(0x0000000f65e00000,0x0000000f65f00000)]
  0x0000015a57de1000 JavaThread "jar transforms Thread 84" [_thread_blocked, id=6036, stack(0x0000000f65f00000,0x0000000f66000000)]
  0x0000015a5bb23800 JavaThread "jar transforms Thread 85" [_thread_blocked, id=12012, stack(0x0000000f66000000,0x0000000f66100000)]
  0x0000015a5bb27800 JavaThread "jar transforms Thread 86" [_thread_blocked, id=23544, stack(0x0000000f66100000,0x0000000f66200000)]
  0x0000015a5bb28000 JavaThread "jar transforms Thread 87" [_thread_blocked, id=304, stack(0x0000000f66200000,0x0000000f66300000)]
  0x0000015a5bb25000 JavaThread "jar transforms Thread 88" [_thread_blocked, id=11768, stack(0x0000000f66300000,0x0000000f66400000)]
  0x0000015a5bb24000 JavaThread "jar transforms Thread 89" [_thread_blocked, id=23364, stack(0x0000000f66400000,0x0000000f66500000)]
  0x0000015a5bb22800 JavaThread "jar transforms Thread 90" [_thread_blocked, id=16684, stack(0x0000000f66500000,0x0000000f66600000)]
  0x0000015a5bb29000 JavaThread "jar transforms Thread 91" [_thread_blocked, id=18528, stack(0x0000000f66600000,0x0000000f66700000)]
  0x0000015a5bb2a000 JavaThread "jar transforms Thread 92" [_thread_blocked, id=14888, stack(0x0000000f66700000,0x0000000f66800000)]
  0x0000015a5bb25800 JavaThread "jar transforms Thread 93" [_thread_blocked, id=10172, stack(0x0000000f66800000,0x0000000f66900000)]
  0x0000015a5bb2a800 JavaThread "jar transforms Thread 94" [_thread_blocked, id=14896, stack(0x0000000f66900000,0x0000000f66a00000)]
  0x0000015a5bb2b800 JavaThread "jar transforms Thread 95" [_thread_blocked, id=12804, stack(0x0000000f66a00000,0x0000000f66b00000)]
  0x0000015a5bb2c800 JavaThread "jar transforms Thread 96" [_thread_blocked, id=11760, stack(0x0000000f66b00000,0x0000000f66c00000)]
  0x0000015a5bb26800 JavaThread "jar transforms Thread 97" [_thread_blocked, id=11960, stack(0x0000000f66c00000,0x0000000f66d00000)]
  0x0000015a5bb2d000 JavaThread "jar transforms Thread 98" [_thread_blocked, id=14348, stack(0x0000000f66d00000,0x0000000f66e00000)]
  0x0000015a5bb31000 JavaThread "jar transforms Thread 99" [_thread_blocked, id=20588, stack(0x0000000f66e00000,0x0000000f66f00000)]
  0x0000015a5bb2e800 JavaThread "jar transforms Thread 100" [_thread_blocked, id=7480, stack(0x0000000f66f00000,0x0000000f67000000)]
  0x0000015a5bb2f800 JavaThread "jar transforms Thread 101" [_thread_blocked, id=19604, stack(0x0000000f67000000,0x0000000f67100000)]
  0x0000015a5bb30800 JavaThread "jar transforms Thread 102" [_thread_blocked, id=3300, stack(0x0000000f67100000,0x0000000f67200000)]
  0x0000015a5bb2e000 JavaThread "jar transforms Thread 103" [_thread_blocked, id=10616, stack(0x0000000f67300000,0x0000000f67400000)]
  0x0000015a5a0db000 JavaThread "jar transforms Thread 104" [_thread_blocked, id=8576, stack(0x0000000f67400000,0x0000000f67500000)]
  0x0000015a5a0df000 JavaThread "jar transforms Thread 105" [_thread_blocked, id=15564, stack(0x0000000f67500000,0x0000000f67600000)]
  0x0000015a5a0de800 JavaThread "jar transforms Thread 106" [_thread_blocked, id=11256, stack(0x0000000f67600000,0x0000000f67700000)]
  0x0000015a5a0da800 JavaThread "jar transforms Thread 107" [_thread_blocked, id=16288, stack(0x0000000f67700000,0x0000000f67800000)]
  0x0000015a5a0dd800 JavaThread "jar transforms Thread 108" [_thread_blocked, id=22036, stack(0x0000000f67800000,0x0000000f67900000)]
  0x0000015a5a0d9800 JavaThread "jar transforms Thread 109" [_thread_blocked, id=16000, stack(0x0000000f67900000,0x0000000f67a00000)]
  0x0000015a5a0dc000 JavaThread "jar transforms Thread 110" [_thread_blocked, id=23504, stack(0x0000000f67a00000,0x0000000f67b00000)]
  0x0000015a5a0e0000 JavaThread "jar transforms Thread 111" [_thread_blocked, id=7420, stack(0x0000000f67b00000,0x0000000f67c00000)]
  0x0000015a5a0e1000 JavaThread "jar transforms Thread 112" [_thread_blocked, id=1420, stack(0x0000000f67c00000,0x0000000f67d00000)]
  0x0000015a5a0e1800 JavaThread "jar transforms Thread 113" [_thread_blocked, id=6912, stack(0x0000000f67d00000,0x0000000f67e00000)]
  0x0000015a5a0e2800 JavaThread "jar transforms Thread 114" [_thread_blocked, id=5108, stack(0x0000000f67e00000,0x0000000f67f00000)]
  0x0000015a5a0dd000 JavaThread "jar transforms Thread 115" [_thread_blocked, id=9504, stack(0x0000000f67f00000,0x0000000f68000000)]
  0x0000015a5a0e5000 JavaThread "jar transforms Thread 116" [_thread_blocked, id=14884, stack(0x0000000f68000000,0x0000000f68100000)]
  0x0000015a5a0e6000 JavaThread "Memory manager" [_thread_blocked, id=9912, stack(0x0000000f68100000,0x0000000f68200000)]
  0x0000015a5a0e7800 JavaThread "build event listener" [_thread_blocked, id=21484, stack(0x0000000f68200000,0x0000000f68300000)]
  0x0000015a5a0e4000 JavaThread "build event listener" [_thread_blocked, id=2908, stack(0x0000000f68300000,0x0000000f68400000)]
  0x0000015a5a0e6800 JavaThread "Execution worker for ':'" [_thread_blocked, id=11040, stack(0x0000000f68400000,0x0000000f68500000)]
  0x0000015a5a0e8000 JavaThread "Execution worker for ':' Thread 2" [_thread_blocked, id=23436, stack(0x0000000f68500000,0x0000000f68600000)]
  0x0000015a5f1e9000 JavaThread "Execution worker for ':' Thread 3" [_thread_blocked, id=13532, stack(0x0000000f68600000,0x0000000f68700000)]
  0x0000015a5f1ea800 JavaThread "Execution worker for ':' Thread 4" [_thread_blocked, id=10108, stack(0x0000000f68700000,0x0000000f68800000)]
  0x0000015a5f1ea000 JavaThread "Execution worker for ':' Thread 5" [_thread_blocked, id=16396, stack(0x0000000f68800000,0x0000000f68900000)]
  0x0000015a5f1eb800 JavaThread "Cache worker for execution history cache (C:\Users\Den-lpr\AndroidStudioProjects\clean-architecture-android-materials\thirdApp\.gradle\6.7.1\executionHistory)" [_thread_blocked, id=21212, stack(0x0000000f68900000,0x0000000f68a00000)]
  0x0000015a5f1e6800 JavaThread "WorkerExecutor Queue" [_thread_blocked, id=22872, stack(0x0000000f68b00000,0x0000000f68c00000)]
  0x0000015a5f1ed000 JavaThread "WorkerExecutor Queue Thread 2" [_thread_blocked, id=12684, stack(0x0000000f68c00000,0x0000000f68d00000)]
  0x0000015a5f1ec800 JavaThread "WorkerExecutor Queue Thread 3" [_thread_blocked, id=23268, stack(0x0000000f68d00000,0x0000000f68e00000)]
  0x0000015a5f1ee000 JavaThread "pool-4-thread-1" [_thread_blocked, id=10048, stack(0x0000000f68e00000,0x0000000f68f00000)]
  0x0000015a5f1e8800 JavaThread "stderr" [_thread_in_native, id=7036, stack(0x0000000f67200000,0x0000000f67300000)]
  0x0000015a5f1f1800 JavaThread "stdout" [_thread_in_native, id=23044, stack(0x0000000f68f00000,0x0000000f69000000)]
  0x0000015a5f1f3000 JavaThread "RMI Scheduler(0)" daemon [_thread_blocked, id=16488, stack(0x0000000f69000000,0x0000000f69100000)]
  0x0000015a5f1ef800 JavaThread "RMI GC Daemon" daemon [_thread_blocked, id=6104, stack(0x0000000f69200000,0x0000000f69300000)]
  0x0000015a5f1ef000 JavaThread "RMI TCP Accept-0" daemon [_thread_in_native, id=17856, stack(0x0000000f69300000,0x0000000f69400000)]
  0x0000015a5f1f3800 JavaThread "RMI Reaper" [_thread_blocked, id=700, stack(0x0000000f69400000,0x0000000f69500000)]
  0x0000015a5f1f4800 JavaThread "RMI TCP Connection(1)-127.0.0.1" daemon [_thread_in_native, id=15044, stack(0x0000000f69600000,0x0000000f69700000)]
  0x0000015a5f1f2000 JavaThread "Cache worker for Java compile cache (C:\Users\Den-lpr\.gradle\caches\6.7.1\javaCompile)" [_thread_blocked, id=19672, stack(0x0000000f69100000,0x0000000f69200000)]
  0x0000015a5e749800 JavaThread "Cache worker for Java compile cache (C:\Users\Den-lpr\AndroidStudioProjects\clean-architecture-android-materials\thirdApp\.gradle\6.7.1\javaCompile)" [_thread_blocked, id=20104, stack(0x0000000f69500000,0x0000000f69600000)]
  0x0000015a5e745000 JavaThread "WorkerExecutor Queue Thread 4" [_thread_blocked, id=6136, stack(0x0000000f69700000,0x0000000f69800000)]
  0x0000015a5e749000 JavaThread "WorkerExecutor Queue Thread 5" [_thread_blocked, id=2416, stack(0x0000000f69800000,0x0000000f69900000)]
  0x0000015a5e745800 JavaThread "WorkerExecutor Queue Thread 6" [_thread_blocked, id=20996, stack(0x0000000f69900000,0x0000000f69a00000)]
  0x0000015a5d033800 JavaThread "C2 CompilerThread1" daemon [_thread_blocked, id=19296, stack(0x0000000f5d600000,0x0000000f5d700000)]
  0x0000015a5e744000 JavaThread "ForkJoinPool-1-worker-3" daemon [_thread_blocked, id=22076, stack(0x0000000f69a00000,0x0000000f69b00000)]
  0x0000015a5e74d000 JavaThread "ForkJoinPool-1-worker-5" daemon [_thread_blocked, id=3432, stack(0x0000000f69b00000,0x0000000f69c00000)]
  0x0000015a5e74c000 JavaThread "ForkJoinPool-1-worker-7" daemon [_thread_blocked, id=10332, stack(0x0000000f69c00000,0x0000000f69d00000)]
  0x0000015a5e748000 JavaThread "ForkJoinPool-1-worker-9" daemon [_thread_blocked, id=12096, stack(0x0000000f69d00000,0x0000000f69e00000)]
  0x0000015a5e747000 JavaThread "ForkJoinPool-1-worker-11" daemon [_thread_blocked, id=11600, stack(0x0000000f69e00000,0x0000000f69f00000)]
  0x0000015a5e74a800 JavaThread "ForkJoinPool-1-worker-13" daemon [_thread_blocked, id=15092, stack(0x0000000f69f00000,0x0000000f6a000000)]

Other Threads:
=>0x0000015a56f77800 VMThread "VM Thread" [stack: 0x0000000f5de00000,0x0000000f5df00000] [id=17620]
  0x0000015a57a8d000 WatcherThread [stack: 0x0000000f5e800000,0x0000000f5e900000] [id=17012]
  0x0000015a3d0e6000 GCTaskThread "GC Thread#0" [stack: 0x0000000f5d900000,0x0000000f5da00000] [id=21076]
  0x0000015a57d58800 GCTaskThread "GC Thread#1" [stack: 0x0000000f5ea00000,0x0000000f5eb00000] [id=13880]
  0x0000015a58519800 GCTaskThread "GC Thread#2" [stack: 0x0000000f5eb00000,0x0000000f5ec00000] [id=22692]
  0x0000015a59470000 GCTaskThread "GC Thread#3" [stack: 0x0000000f5f800000,0x0000000f5f900000] [id=19512]
  0x0000015a5932d800 GCTaskThread "GC Thread#4" [stack: 0x0000000f5f900000,0x0000000f5fa00000] [id=18760]
  0x0000015a59739000 GCTaskThread "GC Thread#5" [stack: 0x0000000f5fa00000,0x0000000f5fb00000] [id=23388]
  0x0000015a3d116000 ConcurrentGCThread "G1 Main Marker" [stack: 0x0000000f5da00000,0x0000000f5db00000] [id=20852]
  0x0000015a3d118000 ConcurrentGCThread "G1 Conc#0" [stack: 0x0000000f5db00000,0x0000000f5dc00000] [id=6908]
  0x0000015a5948e000 ConcurrentGCThread "G1 Conc#1" [stack: 0x0000000f5fd00000,0x0000000f5fe00000] [id=12988]
  0x0000015a3d19d800 ConcurrentGCThread "G1 Refine#0" [stack: 0x0000000f5dc00000,0x0000000f5dd00000] [id=13492]
  0x0000015a5bc3b800 ConcurrentGCThread "G1 Refine#1" [stack: 0x0000000f68a00000,0x0000000f68b00000] [id=8688]
  0x0000015a5e7f6800 ConcurrentGCThread "G1 Refine#2" [stack: 0x0000000f6a000000,0x0000000f6a100000] [id=6996]
  0x0000015a56dc6800 ConcurrentGCThread "G1 Young RemSet Sampling" [stack: 0x0000000f5dd00000,0x0000000f5de00000] [id=20096]

Threads with active compile tasks:
C2 CompilerThread0  38448 14964       4       com.android.tools.r8.graph.a0::equals (55 bytes)
C2 CompilerThread1  38448 14427       4       com.android.tools.r8.code.K1::<init> (8 bytes)

VM state:at safepoint (normal execution)

VM Mutex/Monitor currently owned by a thread:  ([mutex/lock_event])
[0x0000015a3d0ca530] Threads_lock - owner thread: 0x0000015a56f77800
[0x0000015a3d0c9c30] Heap_lock - owner thread: 0x0000015a5e74c000

Heap address: 0x0000000080000000, size: 2048 MB, Compressed Oops mode: 32-bit
Narrow klass base: 0x0000000000000000, Narrow klass shift: 3
Compressed class space size: 1073741824 Address: 0x0000000100000000

Heap:
 garbage-first heap   total 452608K, used 161086K [0x0000000080000000, 0x0000000100000000)
  region size 1024K, 2 young (2048K), 2 survivors (2048K)
 Metaspace       used 112695K, capacity 115451K, committed 116608K, reserved 1150976K
  class space    used 14515K, capacity 15525K, committed 16000K, reserved 1048576K
Heap Regions: E=young(eden), S=young(survivor), O=old, HS=humongous(starts), HC=humongous(continues), CS=collection set, F=free, A=archive, TAMS=top-at-mark-start (previous, next)
|   0|0x0000000080000000, 0x0000000080100000, 0x0000000080100000|100%| O|  |TAMS 0x0000000080100000, 0x0000000080000000| Untracked 
|   1|0x0000000080100000, 0x0000000080200000, 0x0000000080200000|100%| O|  |TAMS 0x0000000080200000, 0x0000000080100000| Untracked 
|   2|0x0000000080200000, 0x0000000080300000, 0x0000000080300000|100%| O|  |TAMS 0x0000000080300000, 0x0000000080200000| Complete 
|   3|0x0000000080300000, 0x0000000080400000, 0x0000000080400000|100%|HS|  |TAMS 0x0000000080400000, 0x0000000080300000| Complete 
|   4|0x0000000080400000, 0x0000000080500000, 0x0000000080500000|100%|HC|  |TAMS 0x0000000080500000, 0x0000000080400000| Complete 
|   5|0x0000000080500000, 0x0000000080600000, 0x0000000080600000|100%|HC|  |TAMS 0x0000000080600000, 0x0000000080500000| Complete 
|   6|0x0000000080600000, 0x0000000080700000, 0x0000000080700000|100%| O|  |TAMS 0x0000000080700000, 0x0000000080600000| Untracked 
|   7|0x0000000080700000, 0x0000000080800000, 0x0000000080800000|100%| O|  |TAMS 0x0000000080800000, 0x0000000080700000| Untracked 
|   8|0x0000000080800000, 0x0000000080900000, 0x0000000080900000|100%| O|  |TAMS 0x0000000080900000, 0x0000000080800000| Untracked 
|   9|0x0000000080900000, 0x0000000080a00000, 0x0000000080a00000|100%| O|  |TAMS 0x0000000080a00000, 0x0000000080900000| Untracked 
|  10|0x0000000080a00000, 0x0000000080b00000, 0x0000000080b00000|100%| O|  |TAMS 0x0000000080b00000, 0x0000000080a00000| Untracked 
|  11|0x0000000080b00000, 0x0000000080c00000, 0x0000000080c00000|100%| O|  |TAMS 0x0000000080c00000, 0x0000000080b00000| Untracked 
|  12|0x0000000080c00000, 0x0000000080d00000, 0x0000000080d00000|100%| O|  |TAMS 0x0000000080d00000, 0x0000000080c00000| Untracked 
|  13|0x0000000080d00000, 0x0000000080e00000, 0x0000000080e00000|100%| O|  |TAMS 0x0000000080e00000, 0x0000000080d00000| Untracked 
|  14|0x0000000080e00000, 0x0000000080f00000, 0x0000000080f00000|100%| O|  |TAMS 0x0000000080f00000, 0x0000000080e00000| Untracked 
|  15|0x0000000080f00000, 0x0000000081000000, 0x0000000081000000|100%| O|  |TAMS 0x0000000081000000, 0x0000000080f00000| Untracked 
|  16|0x0000000081000000, 0x0000000081100000, 0x0000000081100000|100%| O|  |TAMS 0x0000000081100000, 0x0000000081000000| Untracked 
|  17|0x0000000081100000, 0x0000000081200000, 0x0000000081200000|100%| O|  |TAMS 0x0000000081200000, 0x0000000081100000| Untracked 
|  18|0x0000000081200000, 0x0000000081300000, 0x0000000081300000|100%| O|  |TAMS 0x0000000081300000, 0x0000000081200000| Complete 
|  19|0x0000000081300000, 0x0000000081400000, 0x0000000081400000|100%| O|  |TAMS 0x0000000081400000, 0x0000000081300000| Untracked 
|  20|0x0000000081400000, 0x0000000081500000, 0x0000000081500000|100%| O|  |TAMS 0x0000000081500000, 0x0000000081400000| Untracked 
|  21|0x0000000081500000, 0x0000000081600000, 0x0000000081600000|100%| O|  |TAMS 0x0000000081600000, 0x0000000081500000| Complete 
|  22|0x0000000081600000, 0x0000000081700000, 0x0000000081700000|100%|HS|  |TAMS 0x0000000081700000, 0x0000000081600000| Complete 
|  23|0x0000000081700000, 0x0000000081800000, 0x0000000081800000|100%|HS|  |TAMS 0x0000000081800000, 0x0000000081700000| Complete 
|  24|0x0000000081800000, 0x0000000081900000, 0x0000000081900000|100%|HC|  |TAMS 0x0000000081900000, 0x0000000081800000| Complete 
|  25|0x0000000081900000, 0x0000000081a00000, 0x0000000081a00000|100%|HC|  |TAMS 0x0000000081a00000, 0x0000000081900000| Complete 
|  26|0x0000000081a00000, 0x0000000081b00000, 0x0000000081b00000|100%|HS|  |TAMS 0x0000000081b00000, 0x0000000081a00000| Complete 
|  27|0x0000000081b00000, 0x0000000081c00000, 0x0000000081c00000|100%|HC|  |TAMS 0x0000000081c00000, 0x0000000081b00000| Complete 
|  28|0x0000000081c00000, 0x0000000081d00000, 0x0000000081d00000|100%| O|  |TAMS 0x0000000081d00000, 0x0000000081c00000| Untracked 
|  29|0x0000000081d00000, 0x0000000081e00000, 0x0000000081e00000|100%| O|  |TAMS 0x0000000081e00000, 0x0000000081d00000| Untracked 
|  30|0x0000000081e00000, 0x0000000081f00000, 0x0000000081f00000|100%| O|  |TAMS 0x0000000081f00000, 0x0000000081e00000| Untracked 
|  31|0x0000000081f00000, 0x0000000082000000, 0x0000000082000000|100%| O|  |TAMS 0x0000000082000000, 0x0000000081f00000| Complete 
|  32|0x0000000082000000, 0x0000000082100000, 0x0000000082100000|100%| O|  |TAMS 0x0000000082100000, 0x0000000082000000| Complete 
|  33|0x0000000082100000, 0x0000000082200000, 0x0000000082200000|100%| O|  |TAMS 0x0000000082200000, 0x0000000082100000| Untracked 
|  34|0x0000000082200000, 0x0000000082300000, 0x0000000082300000|100%| O|  |TAMS 0x0000000082300000, 0x0000000082200000| Complete 
|  35|0x0000000082300000, 0x0000000082400000, 0x0000000082400000|100%| O|  |TAMS 0x0000000082400000, 0x0000000082300000| Untracked 
|  36|0x0000000082400000, 0x0000000082500000, 0x0000000082500000|100%| O|  |TAMS 0x0000000082500000, 0x0000000082400000| Complete 
|  37|0x0000000082500000, 0x0000000082600000, 0x0000000082600000|100%| O|  |TAMS 0x0000000082600000, 0x0000000082500000| Untracked 
|  38|0x0000000082600000, 0x0000000082700000, 0x0000000082700000|100%| O|  |TAMS 0x0000000082700000, 0x0000000082600000| Untracked 
|  39|0x0000000082700000, 0x0000000082800000, 0x0000000082800000|100%| O|  |TAMS 0x0000000082800000, 0x0000000082700000| Untracked 
|  40|0x0000000082800000, 0x0000000082900000, 0x0000000082900000|100%| O|  |TAMS 0x0000000082900000, 0x0000000082800000| Complete 
|  41|0x0000000082900000, 0x0000000082900000, 0x0000000082a00000|  0%| F|  |TAMS 0x0000000082900000, 0x0000000082900000| Untracked 
|  42|0x0000000082a00000, 0x0000000082b00000, 0x0000000082b00000|100%| O|  |TAMS 0x0000000082b00000, 0x0000000082a00000| Untracked 
|  43|0x0000000082b00000, 0x0000000082c00000, 0x0000000082c00000|100%| O|  |TAMS 0x0000000082c00000, 0x0000000082b00000| Complete 
|  44|0x0000000082c00000, 0x0000000082d00000, 0x0000000082d00000|100%| O|  |TAMS 0x0000000082d00000, 0x0000000082c00000| Untracked 
|  45|0x0000000082d00000, 0x0000000082e00000, 0x0000000082e00000|100%| O|  |TAMS 0x0000000082e00000, 0x0000000082d00000| Untracked 
|  46|0x0000000082e00000, 0x0000000082f00000, 0x0000000082f00000|100%| O|  |TAMS 0x0000000082f00000, 0x0000000082e00000| Complete 
|  47|0x0000000082f00000, 0x0000000083000000, 0x0000000083000000|100%| O|  |TAMS 0x0000000083000000, 0x0000000082f00000| Untracked 
|  48|0x0000000083000000, 0x0000000083100000, 0x0000000083100000|100%| O|  |TAMS 0x0000000083100000, 0x0000000083000000| Untracked 
|  49|0x0000000083100000, 0x0000000083200000, 0x0000000083200000|100%| O|  |TAMS 0x0000000083200000, 0x0000000083100000| Untracked 
|  50|0x0000000083200000, 0x0000000083300000, 0x0000000083300000|100%| O|  |TAMS 0x0000000083300000, 0x0000000083200000| Untracked 
|  51|0x0000000083300000, 0x0000000083400000, 0x0000000083400000|100%| O|  |TAMS 0x0000000083400000, 0x0000000083300000| Complete 
|  52|0x0000000083400000, 0x0000000083500000, 0x0000000083500000|100%| O|  |TAMS 0x0000000083500000, 0x0000000083400000| Complete 
|  53|0x0000000083500000, 0x0000000083600000, 0x0000000083600000|100%| O|  |TAMS 0x0000000083600000, 0x0000000083500000| Untracked 
|  54|0x0000000083600000, 0x0000000083700000, 0x0000000083700000|100%| O|  |TAMS 0x0000000083700000, 0x0000000083600000| Untracked 
|  55|0x0000000083700000, 0x0000000083800000, 0x0000000083800000|100%| O|  |TAMS 0x0000000083800000, 0x0000000083700000| Complete 
|  56|0x0000000083800000, 0x0000000083900000, 0x0000000083900000|100%| O|  |TAMS 0x0000000083900000, 0x0000000083800000| Untracked 
|  57|0x0000000083900000, 0x0000000083a00000, 0x0000000083a00000|100%| O|  |TAMS 0x0000000083a00000, 0x0000000083900000| Untracked 
|  58|0x0000000083a00000, 0x0000000083b00000, 0x0000000083b00000|100%| O|  |TAMS 0x0000000083b00000, 0x0000000083a00000| Untracked 
|  59|0x0000000083b00000, 0x0000000083c00000, 0x0000000083c00000|100%| O|  |TAMS 0x0000000083c00000, 0x0000000083b00000| Untracked 
|  60|0x0000000083c00000, 0x0000000083d00000, 0x0000000083d00000|100%| O|  |TAMS 0x0000000083d00000, 0x0000000083c00000| Complete 
|  61|0x0000000083d00000, 0x0000000083e00000, 0x0000000083e00000|100%| O|  |TAMS 0x0000000083dfa200, 0x0000000083d00000| Untracked 
|  62|0x0000000083e00000, 0x0000000083f00000, 0x0000000083f00000|100%|HS|  |TAMS 0x0000000083e00000, 0x0000000083e00000| Complete 
|  63|0x0000000083f00000, 0x0000000084000000, 0x0000000084000000|100%| O|  |TAMS 0x0000000084000000, 0x0000000083f00000| Complete 
|  64|0x0000000084000000, 0x0000000084100000, 0x0000000084100000|100%| O|  |TAMS 0x0000000084100000, 0x0000000084000000| Untracked 
|  65|0x0000000084100000, 0x0000000084200000, 0x0000000084200000|100%| O|  |TAMS 0x0000000084200000, 0x0000000084100000| Untracked 
|  66|0x0000000084200000, 0x0000000084300000, 0x0000000084300000|100%| O|  |TAMS 0x0000000084300000, 0x0000000084200000| Untracked 
|  67|0x0000000084300000, 0x0000000084400000, 0x0000000084400000|100%| O|  |TAMS 0x0000000084400000, 0x0000000084300000| Complete 
|  68|0x0000000084400000, 0x0000000084500000, 0x0000000084500000|100%| O|  |TAMS 0x0000000084500000, 0x0000000084400000| Untracked 
|  69|0x0000000084500000, 0x0000000084600000, 0x0000000084600000|100%| O|  |TAMS 0x0000000084600000, 0x0000000084500000| Untracked 
|  70|0x0000000084600000, 0x0000000084700000, 0x0000000084700000|100%| O|  |TAMS 0x0000000084700000, 0x0000000084600000| Complete 
|  71|0x0000000084700000, 0x0000000084800000, 0x0000000084800000|100%| O|  |TAMS 0x0000000084800000, 0x0000000084700000| Untracked 
|  72|0x0000000084800000, 0x0000000084900000, 0x0000000084900000|100%| O|  |TAMS 0x0000000084900000, 0x0000000084800000| Untracked 
|  73|0x0000000084900000, 0x0000000084a00000, 0x0000000084a00000|100%| O|  |TAMS 0x0000000084a00000, 0x0000000084900000| Untracked 
|  74|0x0000000084a00000, 0x0000000084b00000, 0x0000000084b00000|100%| O|  |TAMS 0x0000000084b00000, 0x0000000084a00000| Complete 
|  75|0x0000000084b00000, 0x0000000084c00000, 0x0000000084c00000|100%| O|  |TAMS 0x0000000084c00000, 0x0000000084b00000| Untracked 
|  76|0x0000000084c00000, 0x0000000084d00000, 0x0000000084d00000|100%| O|  |TAMS 0x0000000084d00000, 0x0000000084c00000| Untracked 
|  77|0x0000000084d00000, 0x0000000084e00000, 0x0000000084e00000|100%| O|  |TAMS 0x0000000084e00000, 0x0000000084d00000| Untracked 
|  78|0x0000000084e00000, 0x0000000084f00000, 0x0000000084f00000|100%| O|  |TAMS 0x0000000084f00000, 0x0000000084e00000| Untracked 
|  79|0x0000000084f00000, 0x0000000085000000, 0x0000000085000000|100%| O|  |TAMS 0x0000000085000000, 0x0000000084f00000| Untracked 
|  80|0x0000000085000000, 0x0000000085100000, 0x0000000085100000|100%| O|  |TAMS 0x0000000085100000, 0x0000000085000000| Untracked 
|  81|0x0000000085100000, 0x0000000085200000, 0x0000000085200000|100%| O|  |TAMS 0x0000000085200000, 0x0000000085100000| Untracked 
|  82|0x0000000085200000, 0x0000000085300000, 0x0000000085300000|100%| O|  |TAMS 0x0000000085300000, 0x0000000085200000| Untracked 
|  83|0x0000000085300000, 0x0000000085400000, 0x0000000085400000|100%| O|  |TAMS 0x0000000085400000, 0x0000000085300000| Complete 
|  84|0x0000000085400000, 0x0000000085500000, 0x0000000085500000|100%| O|  |TAMS 0x0000000085500000, 0x0000000085400000| Complete 
|  85|0x0000000085500000, 0x0000000085600000, 0x0000000085600000|100%| O|  |TAMS 0x0000000085600000, 0x0000000085500000| Untracked 
|  86|0x0000000085600000, 0x0000000085700000, 0x0000000085700000|100%| O|  |TAMS 0x0000000085700000, 0x0000000085600000| Untracked 
|  87|0x0000000085700000, 0x0000000085800000, 0x0000000085800000|100%| O|  |TAMS 0x0000000085800000, 0x0000000085700000| Untracked 
|  88|0x0000000085800000, 0x0000000085800000, 0x0000000085900000|  0%| F|  |TAMS 0x0000000085800000, 0x0000000085800000| Untracked 
|  89|0x0000000085900000, 0x0000000085a00000, 0x0000000085a00000|100%| O|  |TAMS 0x0000000085a00000, 0x0000000085900000| Complete 
|  90|0x0000000085a00000, 0x0000000085b00000, 0x0000000085b00000|100%| O|  |TAMS 0x0000000085b00000, 0x0000000085a00000| Untracked 
|  91|0x0000000085b00000, 0x0000000085c00000, 0x0000000085c00000|100%| O|  |TAMS 0x0000000085c00000, 0x0000000085b00000| Untracked 
|  92|0x0000000085c00000, 0x0000000085d00000, 0x0000000085d00000|100%| O|  |TAMS 0x0000000085d00000, 0x0000000085c00000| Complete 
|  93|0x0000000085d00000, 0x0000000085e00000, 0x0000000085e00000|100%| O|  |TAMS 0x0000000085e00000, 0x0000000085d00000| Untracked 
|  94|0x0000000085e00000, 0x0000000085f00000, 0x0000000085f00000|100%|HS|  |TAMS 0x0000000085f00000, 0x0000000085e00000| Complete 
|  95|0x0000000085f00000, 0x0000000086000000, 0x0000000086000000|100%|HC|  |TAMS 0x0000000086000000, 0x0000000085f00000| Complete 
|  96|0x0000000086000000, 0x0000000086100000, 0x0000000086100000|100%|HC|  |TAMS 0x0000000086100000, 0x0000000086000000| Complete 
|  97|0x0000000086100000, 0x0000000086200000, 0x0000000086200000|100%|HC|  |TAMS 0x0000000086200000, 0x0000000086100000| Complete 
|  98|0x0000000086200000, 0x0000000086300000, 0x0000000086300000|100%|HC|  |TAMS 0x0000000086300000, 0x0000000086200000| Complete 
|  99|0x0000000086300000, 0x0000000086400000, 0x0000000086400000|100%|HC|  |TAMS 0x0000000086400000, 0x0000000086300000| Complete 
| 100|0x0000000086400000, 0x0000000086500000, 0x0000000086500000|100%| O|  |TAMS 0x0000000086500000, 0x0000000086400000| Untracked 
| 101|0x0000000086500000, 0x0000000086600000, 0x0000000086600000|100%| O|  |TAMS 0x0000000086600000, 0x0000000086500000| Complete 
| 102|0x0000000086600000, 0x0000000086700000, 0x0000000086700000|100%| O|  |TAMS 0x0000000086700000, 0x0000000086600000| Complete 
| 103|0x0000000086700000, 0x0000000086800000, 0x0000000086800000|100%|HS|  |TAMS 0x0000000086700000, 0x0000000086700000| Complete 
| 104|0x0000000086800000, 0x0000000086900000, 0x0000000086900000|100%| O|  |TAMS 0x0000000086900000, 0x0000000086800000| Complete 
| 105|0x0000000086900000, 0x0000000086a00000, 0x0000000086a00000|100%| O|  |TAMS 0x0000000086a00000, 0x0000000086900000| Complete 
| 106|0x0000000086a00000, 0x0000000086b00000, 0x0000000086b00000|100%| O|  |TAMS 0x0000000086b00000, 0x0000000086a00000| Complete 
| 107|0x0000000086b00000, 0x0000000086c00000, 0x0000000086c00000|100%| O|  |TAMS 0x0000000086c00000, 0x0000000086b00000| Untracked 
| 108|0x0000000086c00000, 0x0000000086d00000, 0x0000000086d00000|100%| O|  |TAMS 0x0000000086d00000, 0x0000000086c00000| Untracked 
| 109|0x0000000086d00000, 0x0000000086e00000, 0x0000000086e00000|100%| O|  |TAMS 0x0000000086e00000, 0x0000000086d00000| Untracked 
| 110|0x0000000086e00000, 0x0000000086f00000, 0x0000000086f00000|100%| O|  |TAMS 0x0000000086f00000, 0x0000000086e00000| Untracked 
| 111|0x0000000086f00000, 0x0000000087000000, 0x0000000087000000|100%| O|  |TAMS 0x0000000087000000, 0x0000000086f00000| Untracked 
| 112|0x0000000087000000, 0x0000000087100000, 0x0000000087100000|100%| O|  |TAMS 0x0000000087100000, 0x0000000087000000| Complete 
| 113|0x0000000087100000, 0x0000000087200000, 0x0000000087200000|100%| O|  |TAMS 0x0000000087200000, 0x0000000087100000| Untracked 
| 114|0x0000000087200000, 0x0000000087300000, 0x0000000087300000|100%| O|  |TAMS 0x0000000087300000, 0x0000000087200000| Untracked 
| 115|0x0000000087300000, 0x0000000087400000, 0x0000000087400000|100%| O|  |TAMS 0x0000000087400000, 0x0000000087300000| Complete 
| 116|0x0000000087400000, 0x0000000087500000, 0x0000000087500000|100%| O|  |TAMS 0x0000000087500000, 0x0000000087400000| Untracked 
| 117|0x0000000087500000, 0x0000000087600000, 0x0000000087600000|100%| O|  |TAMS 0x0000000087600000, 0x0000000087500000| Untracked 
| 118|0x0000000087600000, 0x0000000087700000, 0x0000000087700000|100%| O|  |TAMS 0x0000000087700000, 0x0000000087600000| Untracked 
| 119|0x0000000087700000, 0x0000000087800000, 0x0000000087800000|100%| O|  |TAMS 0x0000000087800000, 0x0000000087700000| Untracked 
| 120|0x0000000087800000, 0x0000000087900000, 0x0000000087900000|100%| O|  |TAMS 0x0000000087900000, 0x0000000087800000| Untracked 
| 121|0x0000000087900000, 0x0000000087a00000, 0x0000000087a00000|100%| O|  |TAMS 0x0000000087a00000, 0x0000000087900000| Untracked 
| 122|0x0000000087a00000, 0x0000000087b00000, 0x0000000087b00000|100%| O|  |TAMS 0x0000000087b00000, 0x0000000087a00000| Untracked 
| 123|0x0000000087b00000, 0x0000000087c00000, 0x0000000087c00000|100%| O|  |TAMS 0x0000000087c00000, 0x0000000087b00000| Untracked 
| 124|0x0000000087c00000, 0x0000000087d00000, 0x0000000087d00000|100%| O|  |TAMS 0x0000000087d00000, 0x0000000087c00000| Complete 
| 125|0x0000000087d00000, 0x0000000087e00000, 0x0000000087e00000|100%|HS|  |TAMS 0x0000000087d00000, 0x0000000087d00000| Complete 
| 126|0x0000000087e00000, 0x0000000087f00000, 0x0000000087f00000|100%| O|  |TAMS 0x0000000087f00000, 0x0000000087e00000| Complete 
| 127|0x0000000087f00000, 0x0000000088000000, 0x0000000088000000|100%| O|  |TAMS 0x0000000088000000, 0x0000000087f00000| Untracked 
| 128|0x0000000088000000, 0x0000000088100000, 0x0000000088100000|100%|HS|  |TAMS 0x0000000088000000, 0x0000000088000000| Complete 
| 129|0x0000000088100000, 0x0000000088200000, 0x0000000088200000|100%| O|  |TAMS 0x0000000088200000, 0x0000000088100000| Complete 
| 130|0x0000000088200000, 0x0000000088300000, 0x0000000088300000|100%| O|  |TAMS 0x0000000088300000, 0x0000000088200000| Untracked 
| 131|0x0000000088300000, 0x0000000088400000, 0x0000000088400000|100%| O|  |TAMS 0x0000000088400000, 0x0000000088300000| Untracked 
| 132|0x0000000088400000, 0x0000000088500000, 0x0000000088500000|100%| O|  |TAMS 0x0000000088500000, 0x0000000088400000| Untracked 
| 133|0x0000000088500000, 0x0000000088600000, 0x0000000088600000|100%| O|  |TAMS 0x0000000088600000, 0x0000000088500000| Untracked 
| 134|0x0000000088600000, 0x0000000088700000, 0x0000000088700000|100%| O|  |TAMS 0x0000000088700000, 0x0000000088600000| Complete 
| 135|0x0000000088700000, 0x0000000088800000, 0x0000000088800000|100%|HS|  |TAMS 0x0000000088700000, 0x0000000088700000| Complete 
| 136|0x0000000088800000, 0x0000000088900000, 0x0000000088900000|100%| O|  |TAMS 0x0000000088900000, 0x0000000088800000| Complete 
| 137|0x0000000088900000, 0x0000000088a00000, 0x0000000088a00000|100%| O|  |TAMS 0x0000000088a00000, 0x0000000088900000| Complete 
| 138|0x0000000088a00000, 0x0000000088b00000, 0x0000000088b00000|100%|HS|  |TAMS 0x0000000088a00000, 0x0000000088a00000| Complete 
| 139|0x0000000088b00000, 0x0000000088c00000, 0x0000000088c00000|100%| O|  |TAMS 0x0000000088c00000, 0x0000000088b00000| Untracked 
| 140|0x0000000088c00000, 0x0000000088d00000, 0x0000000088d00000|100%| O|  |TAMS 0x0000000088d00000, 0x0000000088c00000| Untracked 
| 141|0x0000000088d00000, 0x0000000088e00000, 0x0000000088e00000|100%| O|  |TAMS 0x0000000088e00000, 0x0000000088d00000| Untracked 
| 142|0x0000000088e00000, 0x0000000088f00000, 0x0000000088f00000|100%| O|  |TAMS 0x0000000088f00000, 0x0000000088e00000| Untracked 
| 143|0x0000000088f00000, 0x0000000089000000, 0x0000000089000000|100%| O|  |TAMS 0x0000000089000000, 0x0000000088f00000| Untracked 
| 144|0x0000000089000000, 0x0000000089100000, 0x0000000089100000|100%| O|  |TAMS 0x0000000089100000, 0x0000000089000000| Untracked 
| 145|0x0000000089100000, 0x0000000089200000, 0x0000000089200000|100%|HS|  |TAMS 0x0000000089100000, 0x0000000089100000| Complete 
| 146|0x0000000089200000, 0x0000000089300000, 0x0000000089300000|100%|HC|  |TAMS 0x0000000089200000, 0x0000000089200000| Complete 
| 147|0x0000000089300000, 0x0000000089400000, 0x0000000089400000|100%| O|  |TAMS 0x0000000089400000, 0x0000000089300000| Untracked 
| 148|0x0000000089400000, 0x0000000089500000, 0x0000000089500000|100%| O|  |TAMS 0x0000000089500000, 0x0000000089400000| Untracked 
| 149|0x0000000089500000, 0x0000000089600000, 0x0000000089600000|100%| O|  |TAMS 0x0000000089600000, 0x0000000089500000| Complete 
| 150|0x0000000089600000, 0x0000000089600000, 0x0000000089700000|  0%| F|  |TAMS 0x0000000089600000, 0x0000000089600000| Untracked 
| 151|0x0000000089700000, 0x0000000089800000, 0x0000000089800000|100%| O|  |TAMS 0x0000000089800000, 0x0000000089700000| Untracked 
| 152|0x0000000089800000, 0x0000000089900000, 0x0000000089900000|100%| O|  |TAMS 0x0000000089900000, 0x0000000089800000| Untracked 
| 153|0x0000000089900000, 0x0000000089a00000, 0x0000000089a00000|100%| O|  |TAMS 0x0000000089900000, 0x0000000089900000| Untracked 
| 154|0x0000000089a00000, 0x0000000089b00000, 0x0000000089b00000|100%| O|  |TAMS 0x0000000089a00000, 0x0000000089a00000| Untracked 
| 155|0x0000000089b00000, 0x0000000089c00000, 0x0000000089c00000|100%| O|  |TAMS 0x0000000089b00000, 0x0000000089b00000| Untracked 
| 156|0x0000000089c00000, 0x0000000089d00000, 0x0000000089d00000|100%| O|  |TAMS 0x0000000089c00000, 0x0000000089c00000| Untracked 
| 157|0x0000000089d00000, 0x0000000089ddf600, 0x0000000089e00000| 87%| O|  |TAMS 0x0000000089d00000, 0x0000000089d00000| Untracked 
| 158|0x0000000089e00000, 0x0000000089e00000, 0x0000000089f00000|  0%| F|  |TAMS 0x0000000089e00000, 0x0000000089e00000| Untracked 
| 159|0x0000000089f00000, 0x0000000089f00000, 0x000000008a000000|  0%| F|  |TAMS 0x0000000089f00000, 0x0000000089f00000| Untracked 
| 160|0x000000008a000000, 0x000000008a000000, 0x000000008a100000|  0%| F|  |TAMS 0x000000008a000000, 0x000000008a000000| Untracked 
| 161|0x000000008a100000, 0x000000008a100000, 0x000000008a200000|  0%| F|  |TAMS 0x000000008a100000, 0x000000008a100000| Untracked 
| 162|0x000000008a200000, 0x000000008a200000, 0x000000008a300000|  0%| F|  |TAMS 0x000000008a200000, 0x000000008a200000| Untracked 
| 163|0x000000008a300000, 0x000000008a300000, 0x000000008a400000|  0%| F|  |TAMS 0x000000008a300000, 0x000000008a300000| Untracked 
| 164|0x000000008a400000, 0x000000008a400000, 0x000000008a500000|  0%| F|  |TAMS 0x000000008a400000, 0x000000008a400000| Untracked 
| 165|0x000000008a500000, 0x000000008a500000, 0x000000008a600000|  0%| F|  |TAMS 0x000000008a500000, 0x000000008a500000| Untracked 
| 166|0x000000008a600000, 0x000000008a600000, 0x000000008a700000|  0%| F|  |TAMS 0x000000008a600000, 0x000000008a600000| Untracked 
| 167|0x000000008a700000, 0x000000008a700000, 0x000000008a800000|  0%| F|  |TAMS 0x000000008a700000, 0x000000008a700000| Untracked 
| 168|0x000000008a800000, 0x000000008a800000, 0x000000008a900000|  0%| F|  |TAMS 0x000000008a800000, 0x000000008a800000| Untracked 
| 169|0x000000008a900000, 0x000000008a900000, 0x000000008aa00000|  0%| F|  |TAMS 0x000000008a900000, 0x000000008a900000| Untracked 
| 170|0x000000008aa00000, 0x000000008aa00000, 0x000000008ab00000|  0%| F|  |TAMS 0x000000008aa00000, 0x000000008aa00000| Untracked 
| 171|0x000000008ab00000, 0x000000008ab00000, 0x000000008ac00000|  0%| F|  |TAMS 0x000000008ab00000, 0x000000008ab00000| Untracked 
| 172|0x000000008ac00000, 0x000000008ac00000, 0x000000008ad00000|  0%| F|  |TAMS 0x000000008ac00000, 0x000000008ac00000| Untracked 
| 173|0x000000008ad00000, 0x000000008ad00000, 0x000000008ae00000|  0%| F|  |TAMS 0x000000008ad00000, 0x000000008ad00000| Untracked 
| 174|0x000000008ae00000, 0x000000008ae00000, 0x000000008af00000|  0%| F|  |TAMS 0x000000008ae00000, 0x000000008ae00000| Untracked 
| 175|0x000000008af00000, 0x000000008af00000, 0x000000008b000000|  0%| F|  |TAMS 0x000000008af00000, 0x000000008af00000| Untracked 
| 176|0x000000008b000000, 0x000000008b000000, 0x000000008b100000|  0%| F|  |TAMS 0x000000008b000000, 0x000000008b000000| Untracked 
| 177|0x000000008b100000, 0x000000008b100000, 0x000000008b200000|  0%| F|  |TAMS 0x000000008b100000, 0x000000008b100000| Untracked 
| 178|0x000000008b200000, 0x000000008b200000, 0x000000008b300000|  0%| F|  |TAMS 0x000000008b200000, 0x000000008b200000| Untracked 
| 179|0x000000008b300000, 0x000000008b300000, 0x000000008b400000|  0%| F|  |TAMS 0x000000008b300000, 0x000000008b300000| Untracked 
| 180|0x000000008b400000, 0x000000008b400000, 0x000000008b500000|  0%| F|  |TAMS 0x000000008b400000, 0x000000008b400000| Untracked 
| 181|0x000000008b500000, 0x000000008b500000, 0x000000008b600000|  0%| F|  |TAMS 0x000000008b500000, 0x000000008b500000| Untracked 
| 182|0x000000008b600000, 0x000000008b600000, 0x000000008b700000|  0%| F|  |TAMS 0x000000008b600000, 0x000000008b600000| Untracked 
| 183|0x000000008b700000, 0x000000008b800000, 0x000000008b800000|100%| O|  |TAMS 0x000000008b800000, 0x000000008b700000| Complete 
| 184|0x000000008b800000, 0x000000008b800000, 0x000000008b900000|  0%| F|  |TAMS 0x000000008b800000, 0x000000008b800000| Untracked 
| 185|0x000000008b900000, 0x000000008b900000, 0x000000008ba00000|  0%| F|  |TAMS 0x000000008b900000, 0x000000008b900000| Untracked 
| 186|0x000000008ba00000, 0x000000008ba00000, 0x000000008bb00000|  0%| F|  |TAMS 0x000000008ba00000, 0x000000008ba00000| Untracked 
| 187|0x000000008bb00000, 0x000000008bb00000, 0x000000008bc00000|  0%| F|  |TAMS 0x000000008bb00000, 0x000000008bb00000| Untracked 
| 188|0x000000008bc00000, 0x000000008bc00000, 0x000000008bd00000|  0%| F|  |TAMS 0x000000008bc00000, 0x000000008bc00000| Untracked 
| 189|0x000000008bd00000, 0x000000008bd00000, 0x000000008be00000|  0%| F|  |TAMS 0x000000008bd00000, 0x000000008bd00000| Untracked 
| 190|0x000000008be00000, 0x000000008be00000, 0x000000008bf00000|  0%| F|  |TAMS 0x000000008be00000, 0x000000008be00000| Untracked 
| 191|0x000000008bf00000, 0x000000008bf00000, 0x000000008c000000|  0%| F|  |TAMS 0x000000008bf00000, 0x000000008bf00000| Untracked 
| 192|0x000000008c000000, 0x000000008c000000, 0x000000008c100000|  0%| F|  |TAMS 0x000000008c000000, 0x000000008c000000| Untracked 
| 193|0x000000008c100000, 0x000000008c100000, 0x000000008c200000|  0%| F|  |TAMS 0x000000008c100000, 0x000000008c100000| Untracked 
| 194|0x000000008c200000, 0x000000008c200000, 0x000000008c300000|  0%| F|  |TAMS 0x000000008c200000, 0x000000008c200000| Untracked 
| 195|0x000000008c300000, 0x000000008c300000, 0x000000008c400000|  0%| F|  |TAMS 0x000000008c300000, 0x000000008c300000| Untracked 
| 196|0x000000008c400000, 0x000000008c400000, 0x000000008c500000|  0%| F|  |TAMS 0x000000008c400000, 0x000000008c400000| Untracked 
| 197|0x000000008c500000, 0x000000008c500000, 0x000000008c600000|  0%| F|  |TAMS 0x000000008c500000, 0x000000008c500000| Untracked 
| 198|0x000000008c600000, 0x000000008c600000, 0x000000008c700000|  0%| F|  |TAMS 0x000000008c600000, 0x000000008c600000| Untracked 
| 199|0x000000008c700000, 0x000000008c700000, 0x000000008c800000|  0%| F|  |TAMS 0x000000008c700000, 0x000000008c700000| Untracked 
| 200|0x000000008c800000, 0x000000008c800000, 0x000000008c900000|  0%| F|  |TAMS 0x000000008c800000, 0x000000008c800000| Untracked 
| 201|0x000000008c900000, 0x000000008c900000, 0x000000008ca00000|  0%| F|  |TAMS 0x000000008c900000, 0x000000008c900000| Untracked 
| 202|0x000000008ca00000, 0x000000008ca00000, 0x000000008cb00000|  0%| F|  |TAMS 0x000000008ca00000, 0x000000008ca00000| Untracked 
| 203|0x000000008cb00000, 0x000000008cb00000, 0x000000008cc00000|  0%| F|  |TAMS 0x000000008cb00000, 0x000000008cb00000| Untracked 
| 204|0x000000008cc00000, 0x000000008cc00000, 0x000000008cd00000|  0%| F|  |TAMS 0x000000008cc00000, 0x000000008cc00000| Untracked 
| 205|0x000000008cd00000, 0x000000008cd00000, 0x000000008ce00000|  0%| F|  |TAMS 0x000000008cd00000, 0x000000008cd00000| Untracked 
| 206|0x000000008ce00000, 0x000000008ce00000, 0x000000008cf00000|  0%| F|  |TAMS 0x000000008ce00000, 0x000000008ce00000| Untracked 
| 207|0x000000008cf00000, 0x000000008cf00000, 0x000000008d000000|  0%| F|  |TAMS 0x000000008cf00000, 0x000000008cf00000| Untracked 
| 208|0x000000008d000000, 0x000000008d000000, 0x000000008d100000|  0%| F|  |TAMS 0x000000008d000000, 0x000000008d000000| Untracked 
| 209|0x000000008d100000, 0x000000008d100000, 0x000000008d200000|  0%| F|  |TAMS 0x000000008d100000, 0x000000008d100000| Untracked 
| 210|0x000000008d200000, 0x000000008d200000, 0x000000008d300000|  0%| F|  |TAMS 0x000000008d200000, 0x000000008d200000| Untracked 
| 211|0x000000008d300000, 0x000000008d3705e8, 0x000000008d400000| 43%| S|CS|TAMS 0x000000008d300000, 0x000000008d300000| Complete 
| 212|0x000000008d400000, 0x000000008d500000, 0x000000008d500000|100%| S|CS|TAMS 0x000000008d400000, 0x000000008d400000| Complete 
| 213|0x000000008d500000, 0x000000008d500000, 0x000000008d600000|  0%| F|  |TAMS 0x000000008d500000, 0x000000008d500000| Untracked 
| 214|0x000000008d600000, 0x000000008d600000, 0x000000008d700000|  0%| F|  |TAMS 0x000000008d600000, 0x000000008d600000| Untracked 
| 215|0x000000008d700000, 0x000000008d700000, 0x000000008d800000|  0%| F|  |TAMS 0x000000008d700000, 0x000000008d700000| Untracked 
| 216|0x000000008d800000, 0x000000008d800000, 0x000000008d900000|  0%| F|  |TAMS 0x000000008d800000, 0x000000008d800000| Untracked 
| 217|0x000000008d900000, 0x000000008d900000, 0x000000008da00000|  0%| F|  |TAMS 0x000000008d900000, 0x000000008d900000| Untracked 
| 218|0x000000008da00000, 0x000000008da00000, 0x000000008db00000|  0%| F|  |TAMS 0x000000008da00000, 0x000000008da00000| Untracked 
| 219|0x000000008db00000, 0x000000008db00000, 0x000000008dc00000|  0%| F|  |TAMS 0x000000008db00000, 0x000000008db00000| Untracked 
| 220|0x000000008dc00000, 0x000000008dc00000, 0x000000008dd00000|  0%| F|  |TAMS 0x000000008dc00000, 0x000000008dc00000| Untracked 

Card table byte_map: [0x0000015a4ff50000,0x0000015a50350000] _byte_map_base: 0x0000015a4fb50000

Marking Bits (Prev, Next): (CMBitMap*) 0x0000015a3d10cf68, (CMBitMap*) 0x0000015a3d10cfa0
 Prev Bits: [0x0000015a50750000, 0x0000015a52750000)
 Next Bits: [0x0000015a52750000, 0x0000015a54750000)

Polling page: 0x0000015a3ae30000

Metaspace:

Usage:
  Non-class:     97.58 MB capacity,    95.88 MB ( 98%) used,     1.39 MB (  1%) free+waste,   321.88 KB ( <1%) overhead. 
      Class:     15.16 MB capacity,    14.18 MB ( 93%) used,   862.62 KB (  6%) free+waste,   147.13 KB ( <1%) overhead. 
       Both:    112.75 MB capacity,   110.05 MB ( 98%) used,     2.23 MB (  2%) free+waste,   469.00 KB ( <1%) overhead. 

Virtual space:
  Non-class space:      100.00 MB reserved,      98.25 MB ( 98%) committed 
      Class space:        1.00 GB reserved,      15.63 MB (  2%) committed 
             Both:        1.10 GB reserved,     113.88 MB ( 10%) committed 

Chunk freelists:
   Non-Class:  554.00 KB
       Class:  443.00 KB
        Both:  997.00 KB

MaxMetaspaceSize: 17179869184.00 GB
CompressedClassSpaceSize: 1.00 GB

CodeHeap 'non-profiled nmethods': size=120064Kb used=7783Kb max_used=8375Kb free=112280Kb
 bounds [0x0000015a48500000, 0x0000015a48d30000, 0x0000015a4fa40000]
CodeHeap 'profiled nmethods': size=120000Kb used=27880Kb max_used=30104Kb free=92120Kb
 bounds [0x0000015a40fd0000, 0x0000015a42d40000, 0x0000015a48500000]
CodeHeap 'non-nmethods': size=5696Kb used=2349Kb max_used=2420Kb free=3346Kb
 bounds [0x0000015a40a40000, 0x0000015a40cb0000, 0x0000015a40fd0000]
 total_blobs=14462 nmethods=13480 adapters=893
 compilation: enabled
              stopped_count=0, restarted_count=0
 full_count=0

Compilation events (20 events):
Event: 38.214 Thread 0x0000015a5d033800 14821       4       com.android.tools.r8.dex.d$$Lambda$1709/0x0000000100dea840::apply (13 bytes)
Event: 38.214 Thread 0x0000015a57910800 nmethod 14958 0x0000015a40fd1c10 code [0x0000015a40fd1dc0, 0x0000015a40fd1f88]
Event: 38.214 Thread 0x0000015a5d033800 nmethod 14821 0x0000015a48543990 code [0x0000015a48543b20, 0x0000015a48543bf8]
Event: 38.214 Thread 0x0000015a5d033800 14471       4       java.lang.invoke.VarHandleGuards::guard_LI_L (74 bytes)
Event: 38.215 Thread 0x0000015a57910800 14960       2       com.android.tools.r8.graph.V$$Lambda$1850/0x0000000100c66040::compare (12 bytes)
Event: 38.215 Thread 0x0000015a5790d800 nmethod 14273 0x0000015a48565c10 code [0x0000015a48565de0, 0x0000015a48566398]
Event: 38.215 Thread 0x0000015a57910800 nmethod 14960 0x0000015a40fe1090 code [0x0000015a40fe1240, 0x0000015a40fe13c8]
Event: 38.216 Thread 0x0000015a5790d800 14959       4       com.android.tools.r8.w.a.a.a.h.N::containsKey (80 bytes)
Event: 38.216 Thread 0x0000015a5d033800 nmethod 14471 0x0000015a4854aa10 code [0x0000015a4854abc0, 0x0000015a4854adc8]
Event: 38.216 Thread 0x0000015a5d033800 14961       4       com.android.tools.r8.graph.B::hashCode (15 bytes)
Event: 38.218 Thread 0x0000015a5790d800 nmethod 14959 0x0000015a4855a190 code [0x0000015a4855a340, 0x0000015a4855a578]
Event: 38.218 Thread 0x0000015a5790d800 14963       4       com.android.tools.r8.graph.B::equals (52 bytes)
Event: 38.222 Thread 0x0000015a5790d800 nmethod 14963 0x0000015a48576210 code [0x0000015a485763c0, 0x0000015a48576958]
Event: 38.222 Thread 0x0000015a5790d800 14964       4       com.android.tools.r8.graph.a0::equals (55 bytes)
Event: 38.223 Thread 0x0000015a5d033800 nmethod 14961 0x0000015a48587a10 code [0x0000015a48587bc0, 0x0000015a48588298]
Event: 38.223 Thread 0x0000015a5d033800 14431       4       com.android.tools.r8.graph.D1::d (29 bytes)
Event: 38.224 Thread 0x0000015a5d033800 nmethod 14431 0x0000015a48515590 code [0x0000015a48515720, 0x0000015a48515798]
Event: 38.224 Thread 0x0000015a5d033800 14427       4       com.android.tools.r8.code.K1::<init> (8 bytes)
Event: 38.224 Thread 0x0000015a57910800 14967       2       com.android.tools.r8.graph.v1::e (10 bytes)
Event: 38.224 Thread 0x0000015a57910800 nmethod 14967 0x0000015a40fd1810 code [0x0000015a40fd19c0, 0x0000015a40fd1ae8]

GC Heap History (20 events):
Event: 37.519 GC heap after
{Heap after GC invocations=33 (full 0):
 garbage-first heap   total 188416K, used 153199K [0x0000000080000000, 0x0000000100000000)
  region size 1024K, 2 young (2048K), 2 survivors (2048K)
 Metaspace       used 112444K, capacity 115188K, committed 116352K, reserved 1148928K
  class space    used 14516K, capacity 15536K, committed 16000K, reserved 1048576K
}
Event: 37.540 GC heap before
{Heap before GC invocations=33 (full 0):
 garbage-first heap   total 188416K, used 160367K [0x0000000080000000, 0x0000000100000000)
  region size 1024K, 9 young (9216K), 2 survivors (2048K)
 Metaspace       used 112445K, capacity 115188K, committed 116352K, reserved 1148928K
  class space    used 14516K, capacity 15536K, committed 16000K, reserved 1048576K
}
Event: 37.549 GC heap after
{Heap after GC invocations=34 (full 0):
 garbage-first heap   total 188416K, used 143360K [0x0000000080000000, 0x0000000100000000)
  region size 1024K, 2 young (2048K), 2 survivors (2048K)
 Metaspace       used 112445K, capacity 115188K, committed 116352K, reserved 1148928K
  class space    used 14516K, capacity 15536K, committed 16000K, reserved 1048576K
}
Event: 37.593 GC heap before
{Heap before GC invocations=34 (full 0):
 garbage-first heap   total 188416K, used 153600K [0x0000000080000000, 0x0000000100000000)
  region size 1024K, 12 young (12288K), 2 survivors (2048K)
 Metaspace       used 112547K, capacity 115278K, committed 116352K, reserved 1148928K
  class space    used 14523K, capacity 15542K, committed 16000K, reserved 1048576K
}
Event: 37.599 GC heap after
{Heap after GC invocations=35 (full 0):
 garbage-first heap   total 188416K, used 148411K [0x0000000080000000, 0x0000000100000000)
  region size 1024K, 2 young (2048K), 2 survivors (2048K)
 Metaspace       used 112547K, capacity 115278K, committed 116352K, reserved 1148928K
  class space    used 14523K, capacity 15542K, committed 16000K, reserved 1048576K
}
Event: 37.645 GC heap before
{Heap before GC invocations=35 (full 0):
 garbage-first heap   total 188416K, used 155579K [0x0000000080000000, 0x0000000100000000)
  region size 1024K, 10 young (10240K), 2 survivors (2048K)
 Metaspace       used 112564K, capacity 115291K, committed 116352K, reserved 1148928K
  class space    used 14524K, capacity 15544K, committed 16000K, reserved 1048576K
}
Event: 37.650 GC heap after
{Heap after GC invocations=36 (full 0):
 garbage-first heap   total 188416K, used 151040K [0x0000000080000000, 0x0000000100000000)
  region size 1024K, 2 young (2048K), 2 survivors (2048K)
 Metaspace       used 112564K, capacity 115291K, committed 116352K, reserved 1148928K
  class space    used 14524K, capacity 15544K, committed 16000K, reserved 1048576K
}
Event: 37.736 GC heap before
{Heap before GC invocations=36 (full 0):
 garbage-first heap   total 188416K, used 152064K [0x0000000080000000, 0x0000000100000000)
  region size 1024K, 9 young (9216K), 2 survivors (2048K)
 Metaspace       used 112598K, capacity 115372K, committed 116608K, reserved 1150976K
  class space    used 14513K, capacity 15523K, committed 16000K, reserved 1048576K
}
Event: 37.743 GC heap after
{Heap after GC invocations=37 (full 0):
 garbage-first heap   total 188416K, used 147283K [0x0000000080000000, 0x0000000100000000)
  region size 1024K, 2 young (2048K), 2 survivors (2048K)
 Metaspace       used 112598K, capacity 115372K, committed 116608K, reserved 1150976K
  class space    used 14513K, capacity 15523K, committed 16000K, reserved 1048576K
}
Event: 37.792 GC heap before
{Heap before GC invocations=37 (full 0):
 garbage-first heap   total 188416K, used 156499K [0x0000000080000000, 0x0000000100000000)
  region size 1024K, 11 young (11264K), 2 survivors (2048K)
 Metaspace       used 112611K, capacity 115372K, committed 116608K, reserved 1150976K
  class space    used 14513K, capacity 15523K, committed 16000K, reserved 1048576K
}
Event: 37.802 GC heap after
{Heap after GC invocations=38 (full 0):
 garbage-first heap   total 188416K, used 150356K [0x0000000080000000, 0x0000000100000000)
  region size 1024K, 2 young (2048K), 2 survivors (2048K)
 Metaspace       used 112611K, capacity 115372K, committed 116608K, reserved 1150976K
  class space    used 14513K, capacity 15523K, committed 16000K, reserved 1048576K
}
Event: 37.843 GC heap before
{Heap before GC invocations=39 (full 0):
 garbage-first heap   total 188416K, used 158548K [0x0000000080000000, 0x0000000100000000)
  region size 1024K, 10 young (10240K), 2 survivors (2048K)
 Metaspace       used 112614K, capacity 115372K, committed 116608K, reserved 1150976K
  class space    used 14513K, capacity 15523K, committed 16000K, reserved 1048576K
}
Event: 37.852 GC heap after
{Heap after GC invocations=40 (full 0):
 garbage-first heap   total 226304K, used 152663K [0x0000000080000000, 0x0000000100000000)
  region size 1024K, 2 young (2048K), 2 survivors (2048K)
 Metaspace       used 112614K, capacity 115372K, committed 116608K, reserved 1150976K
  class space    used 14513K, capacity 15523K, committed 16000K, reserved 1048576K
}
Event: 37.900 GC heap before
{Heap before GC invocations=40 (full 0):
 garbage-first heap   total 226304K, used 160855K [0x0000000080000000, 0x0000000100000000)
  region size 1024K, 11 young (11264K), 2 survivors (2048K)
 Metaspace       used 112619K, capacity 115372K, committed 116608K, reserved 1150976K
  class space    used 14513K, capacity 15523K, committed 16000K, reserved 1048576K
}
Event: 37.912 GC heap after
{Heap after GC invocations=41 (full 0):
 garbage-first heap   total 226304K, used 148952K [0x0000000080000000, 0x0000000100000000)
  region size 1024K, 2 young (2048K), 2 survivors (2048K)
 Metaspace       used 112619K, capacity 115372K, committed 116608K, reserved 1150976K
  class space    used 14513K, capacity 15523K, committed 16000K, reserved 1048576K
}
Event: 37.926 GC heap before
{Heap before GC invocations=41 (full 0):
 garbage-first heap   total 226304K, used 151000K [0x0000000080000000, 0x0000000100000000)
  region size 1024K, 5 young (5120K), 2 survivors (2048K)
 Metaspace       used 112621K, capacity 115373K, committed 116608K, reserved 1150976K
  class space    used 14513K, capacity 15523K, committed 16000K, reserved 1048576K
}
Event: 37.933 GC heap after
{Heap after GC invocations=42 (full 0):
 garbage-first heap   total 226304K, used 150438K [0x0000000080000000, 0x0000000100000000)
  region size 1024K, 1 young (1024K), 1 survivors (1024K)
 Metaspace       used 112621K, capacity 115373K, committed 116608K, reserved 1150976K
  class space    used 14513K, capacity 15523K, committed 16000K, reserved 1048576K
}
Event: 38.202 GC heap before
{Heap before GC invocations=43 (full 0):
 garbage-first heap   total 226304K, used 176038K [0x0000000080000000, 0x0000000100000000)
  region size 1024K, 19 young (19456K), 1 survivors (1024K)
 Metaspace       used 112693K, capacity 115451K, committed 116608K, reserved 1150976K
  class space    used 14515K, capacity 15525K, committed 16000K, reserved 1048576K
}
Event: 38.207 GC heap after
{Heap after GC invocations=44 (full 0):
 garbage-first heap   total 226304K, used 161984K [0x0000000080000000, 0x0000000100000000)
  region size 1024K, 3 young (3072K), 3 survivors (3072K)
 Metaspace       used 112693K, capacity 115451K, committed 116608K, reserved 1150976K
  class space    used 14515K, capacity 15525K, committed 16000K, reserved 1048576K
}
Event: 38.225 GC heap before
{Heap before GC invocations=44 (full 0):
 garbage-first heap   total 226304K, used 169152K [0x0000000080000000, 0x0000000100000000)
  region size 1024K, 11 young (11264K), 3 survivors (3072K)
 Metaspace       used 112695K, capacity 115451K, committed 116608K, reserved 1150976K
  class space    used 14515K, capacity 15525K, committed 16000K, reserved 1048576K
}

Deoptimization events (20 events):
Event: 38.166 Thread 0x0000015a5e74c000 DEOPT PACKING pc=0x0000015a42ab1561 sp=0x0000000f69cfe670
Event: 38.166 Thread 0x0000015a5e74c000 DEOPT UNPACKING pc=0x0000015a40a672ce sp=0x0000000f69cfdb60 mode 0
Event: 38.167 Thread 0x0000015a5e74c000 DEOPT PACKING pc=0x0000015a42ab1561 sp=0x0000000f69cfe670
Event: 38.167 Thread 0x0000015a5e74c000 DEOPT UNPACKING pc=0x0000015a40a672ce sp=0x0000000f69cfdb60 mode 0
Event: 38.167 Thread 0x0000015a5e74c000 DEOPT PACKING pc=0x0000015a42aae5c8 sp=0x0000000f69cfe680
Event: 38.167 Thread 0x0000015a5e74c000 DEOPT UNPACKING pc=0x0000015a40a672ce sp=0x0000000f69cfdb68 mode 0
Event: 38.168 Thread 0x0000015a5e74c000 DEOPT PACKING pc=0x0000015a42aae5c8 sp=0x0000000f69cfe680
Event: 38.168 Thread 0x0000015a5e74c000 DEOPT UNPACKING pc=0x0000015a40a672ce sp=0x0000000f69cfdb68 mode 0
Event: 38.168 Thread 0x0000015a5e74c000 DEOPT PACKING pc=0x0000015a42ab1561 sp=0x0000000f69cfe670
Event: 38.168 Thread 0x0000015a5e74c000 DEOPT UNPACKING pc=0x0000015a40a672ce sp=0x0000000f69cfdb60 mode 0
Event: 38.169 Thread 0x0000015a5e74c000 DEOPT PACKING pc=0x0000015a42aae5c8 sp=0x0000000f69cfe680
Event: 38.169 Thread 0x0000015a5e74c000 DEOPT UNPACKING pc=0x0000015a40a672ce sp=0x0000000f69cfdb68 mode 0
Event: 38.169 Thread 0x0000015a5e74c000 DEOPT PACKING pc=0x0000015a42ab1561 sp=0x0000000f69cfe670
Event: 38.169 Thread 0x0000015a5e74c000 DEOPT UNPACKING pc=0x0000015a40a672ce sp=0x0000000f69cfdb60 mode 0
Event: 38.170 Thread 0x0000015a5e74c000 DEOPT PACKING pc=0x0000015a42aae5c8 sp=0x0000000f69cfe680
Event: 38.170 Thread 0x0000015a5e74c000 DEOPT UNPACKING pc=0x0000015a40a672ce sp=0x0000000f69cfdb68 mode 0
Event: 38.185 Thread 0x0000015a5e74c000 Uncommon trap: trap_request=0xffffff4d fr.pc=0x0000015a48c60524 relative=0x0000000000000c04
Event: 38.185 Thread 0x0000015a5e74c000 Uncommon trap: reason=unstable_if action=reinterpret pc=0x0000015a48c60524 method=com.android.tools.r8.graph.B.equals(Ljava/lang/Object;)Z @ 27 c2
Event: 38.185 Thread 0x0000015a5e74c000 DEOPT PACKING pc=0x0000015a48c60524 sp=0x0000000f69cfe8c0
Event: 38.185 Thread 0x0000015a5e74c000 DEOPT UNPACKING pc=0x0000015a40a674af sp=0x0000000f69cfe5c0 mode 2

Classes redefined (0 events):
No events

Internal exceptions (20 events):
Event: 34.153 Thread 0x0000015a5e745800 Exception <a 'java/lang/NoSuchMethodError'{0x00000000892bbda0}: 'void java.lang.invoke.DirectMethodHandle$Holder.invokeSpecial(java.lang.Object, java.lang.Object, int, java.lang.Object)'> (0x00000000892bbda0) thrown at [./src/hotspot/share/interpreter/linkResolver.cpp, line 773]
Event: 34.153 Thread 0x0000015a5f1ed000 Exception <a 'java/lang/NoSuchMethodError'{0x000000008924a988}: 'void java.lang.invoke.DirectMethodHandle$Holder.invokeSpecial(java.lang.Object, java.lang.Object, int, java.lang.Object)'> (0x000000008924a988) thrown at [./src/hotspot/share/interpreter/linkResolver.cpp, line 773]
Event: 34.192 Thread 0x0000015a5e749000 Exception <a 'java/lang/NoSuchMethodError'{0x000000008907b670}: 'java.lang.Object java.lang.invoke.DirectMethodHandle$Holder.invokeVirtual(java.lang.Object, java.lang.Object, int, java.lang.Object)'> (0x000000008907b670) thrown at [./src/hotspot/share/interpreter/linkResolver.cpp, line 773]
Event: 34.192 Thread 0x0000015a5e745800 Exception <a 'java/lang/NoSuchMethodError'{0x0000000088e07b90}: 'java.lang.Object java.lang.invoke.DirectMethodHandle$Holder.invokeVirtual(java.lang.Object, java.lang.Object, int, java.lang.Object)'> (0x0000000088e07b90) thrown at [./src/hotspot/share/interpreter/linkResolver.cpp, line 773]
Event: 34.192 Thread 0x0000015a5e745000 Exception <a 'java/lang/NoSuchMethodError'{0x000000008905cfe8}: 'java.lang.Object java.lang.invoke.DirectMethodHandle$Holder.invokeVirtual(java.lang.Object, java.lang.Object, int, java.lang.Object)'> (0x000000008905cfe8) thrown at [./src/hotspot/share/interpreter/linkResolver.cpp, line 773]
Event: 34.192 Thread 0x0000015a5f1ed000 Exception <a 'java/lang/NoSuchMethodError'{0x0000000088f93008}: 'java.lang.Object java.lang.invoke.DirectMethodHandle$Holder.invokeVirtual(java.lang.Object, java.lang.Object, int, java.lang.Object)'> (0x0000000088f93008) thrown at [./src/hotspot/share/interpreter/linkResolver.cpp, line 773]
Event: 34.202 Thread 0x0000015a5e745800 Exception <a 'java/lang/NoSuchMethodError'{0x0000000088e70e08}: 'void java.lang.invoke.DirectMethodHandle$Holder.invokeVirtual(java.lang.Object, java.lang.Object, int, java.lang.Object)'> (0x0000000088e70e08) thrown at [./src/hotspot/share/interpreter/linkResolver.cpp, line 773]
Event: 34.202 Thread 0x0000015a5e749000 Exception <a 'java/lang/NoSuchMethodError'{0x0000000088ed4220}: 'void java.lang.invoke.DirectMethodHandle$Holder.invokeVirtual(java.lang.Object, java.lang.Object, int, java.lang.Object)'> (0x0000000088ed4220) thrown at [./src/hotspot/share/interpreter/linkResolver.cpp, line 773]
Event: 34.202 Thread 0x0000015a5f1ed000 Exception <a 'java/lang/NoSuchMethodError'{0x0000000088f9a720}: 'void java.lang.invoke.DirectMethodHandle$Holder.invokeVirtual(java.lang.Object, java.lang.Object, int, java.lang.Object)'> (0x0000000088f9a720) thrown at [./src/hotspot/share/interpreter/linkResolver.cpp, line 773]
Event: 34.202 Thread 0x0000015a5e745000 Exception <a 'java/lang/NoSuchMethodError'{0x0000000088e8a5f8}: 'void java.lang.invoke.DirectMethodHandle$Holder.invokeVirtual(java.lang.Object, java.lang.Object, int, java.lang.Object)'> (0x0000000088e8a5f8) thrown at [./src/hotspot/share/interpreter/linkResolver.cpp, line 773]
Event: 34.227 Thread 0x0000015a5e745000 Exception <a 'java/lang/NoSuchMethodError'{0x0000000088c94998}: 'int java.lang.invoke.DirectMethodHandle$Holder.invokeSpecial(java.lang.Object, java.lang.Object, java.lang.Object, int, java.lang.Object)'> (0x0000000088c94998) thrown at [./src/hotspot/share/interpreter/linkResolver.cpp, line 773]
Event: 34.227 Thread 0x0000015a5e745800 Exception <a 'java/lang/NoSuchMethodError'{0x0000000088b00230}: 'int java.lang.invoke.DirectMethodHandle$Holder.invokeSpecial(java.lang.Object, java.lang.Object, java.lang.Object, int, java.lang.Object)'> (0x0000000088b00230) thrown at [./src/hotspot/share/interpreter/linkResolver.cpp, line 773]
Event: 34.467 Thread 0x0000015a5e745000 Exception <a 'java/lang/NoSuchMethodError'{0x000000008aebcea8}: 'java.lang.Object java.lang.invoke.DirectMethodHandle$Holder.invokeSpecial(java.lang.Object, java.lang.Object, java.lang.Object, java.lang.Object, java.lang.Object, java.lang.Object, java.lang.Object, java.lang.Object, java.lang.Object, java.lang.Object)'> (0x000000008aebcea8) thrown at [./src/hotspot/share/interpreter/linkResolver.cpp, line 773]
Event: 34.467 Thread 0x0000015a5e745000 Exception <a 'java/lang/NoSuchMethodError'{0x000000008aec0f98}: 'java.lang.Object java.lang.invoke.Invokers$Holder.linkToTargetMethod(java.lang.Object, java.lang.Object, java.lang.Object, java.lang.Object, java.lang.Object, java.lang.Object, java.lang.Object, java.lang.Object, java.lang.Object)'> (0x000000008aec0f98) thrown at [./src/hotspot/share/interpreter/linkResolver.cpp, line 773]
Event: 35.531 Thread 0x0000015a5e749000 Exception <a 'java/lang/NoSuchMethodError'{0x0000000089fa2378}: 'void java.lang.invoke.DirectMethodHandle$Holder.invokeVirtual(java.lang.Object, java.lang.Object, int)'> (0x0000000089fa2378) thrown at [./src/hotspot/share/interpreter/linkResolver.cpp, line 773]
Event: 35.531 Thread 0x0000015a5f1ed000 Exception <a 'java/lang/NoSuchMethodError'{0x000000008a0e5dc0}: 'void java.lang.invoke.DirectMethodHandle$Holder.invokeVirtual(java.lang.Object, java.lang.Object, int)'> (0x000000008a0e5dc0) thrown at [./src/hotspot/share/interpreter/linkResolver.cpp, line 773]
Event: 35.914 Thread 0x0000015a5e745000 Exception <a 'sun/nio/fs/WindowsException'{0x0000000089d13318}> (0x0000000089d13318) thrown at [./src/hotspot/share/prims/jni.cpp, line 615]
Event: 36.280 Thread 0x0000015a5a0e8000 Exception <a 'java/lang/NoSuchMethodError'{0x0000000089ccebb0}: <clinit>> (0x0000000089ccebb0) thrown at [./src/hotspot/share/prims/jni.cpp, line 1362]
Event: 36.803 Thread 0x0000015a5f1e6800 Exception <a 'sun/nio/fs/WindowsException'{0x000000008981c428}> (0x000000008981c428) thrown at [./src/hotspot/share/prims/jni.cpp, line 615]
Event: 37.031 Thread 0x0000015a5f1e6800 Implicit null exception at 0x0000015a48ca7b1c to 0x0000015a48ca866c

Events (20 events):
Event: 38.219 Thread 0x0000015a56fa5000 flushing nmethod 0x0000015a42108810
Event: 38.219 Thread 0x0000015a56fa5000 flushing nmethod 0x0000015a42109290
Event: 38.219 Thread 0x0000015a56fa5000 flushing nmethod 0x0000015a42109610
Event: 38.219 Thread 0x0000015a56fa5000 flushing nmethod 0x0000015a4210d390
Event: 38.219 Thread 0x0000015a56fa5000 flushing nmethod 0x0000015a42116610
Event: 38.219 Thread 0x0000015a56fa5000 flushing nmethod 0x0000015a4211cc10
Event: 38.219 Thread 0x0000015a56fa5000 flushing nmethod 0x0000015a4212f210
Event: 38.219 Thread 0x0000015a56fa5000 flushing nmethod 0x0000015a42130390
Event: 38.219 Thread 0x0000015a56fa5000 flushing nmethod 0x0000015a42134e10
Event: 38.219 Thread 0x0000015a56fa5000 flushing nmethod 0x0000015a42135a10
Event: 38.219 Thread 0x0000015a56fa5000 flushing nmethod 0x0000015a42136190
Event: 38.219 Thread 0x0000015a56fa5000 flushing nmethod 0x0000015a42137c10
Event: 38.219 Thread 0x0000015a56fa5000 flushing nmethod 0x0000015a42139e90
Event: 38.219 Thread 0x0000015a56fa5000 flushing nmethod 0x0000015a421bb310
Event: 38.219 Thread 0x0000015a56fa5000 flushing nmethod 0x0000015a421bc810
Event: 38.219 Thread 0x0000015a56fa5000 flushing nmethod 0x0000015a42270290
Event: 38.219 Thread 0x0000015a56fa5000 flushing nmethod 0x0000015a42272410
Event: 38.219 Thread 0x0000015a56fa5000 flushing nmethod 0x0000015a42281190
Event: 38.219 Thread 0x0000015a56fa5000 flushing nmethod 0x0000015a4228ee10
Event: 38.225 Executing VM operation: G1CollectForAllocation


Dynamic libraries:
0x00007ff605000000 - 0x00007ff60500a000 	C:\Program Files\Android\Android Studio\jre\bin\java.exe
0x00007ff97cee0000 - 0x00007ff97d0d0000 	C:\WINDOWS\SYSTEM32\ntdll.dll
0x00007ff97c560000 - 0x00007ff97c612000 	C:\WINDOWS\System32\KERNEL32.DLL
0x00007ff97ace0000 - 0x00007ff97af85000 	C:\WINDOWS\System32\KERNELBASE.dll
0x00007ff97aa80000 - 0x00007ff97ab7a000 	C:\WINDOWS\System32\ucrtbase.dll
0x00007ff969050000 - 0x00007ff969069000 	C:\Program Files\Android\Android Studio\jre\bin\jli.dll
0x00007ff968de0000 - 0x00007ff968df7000 	C:\Program Files\Android\Android Studio\jre\bin\VCRUNTIME140.dll
0x00007ff97cbb0000 - 0x00007ff97cd44000 	C:\WINDOWS\System32\USER32.dll
0x00007ff97aa50000 - 0x00007ff97aa71000 	C:\WINDOWS\System32\win32u.dll
0x00007ff97cdf0000 - 0x00007ff97ce16000 	C:\WINDOWS\System32\GDI32.dll
0x00007ff964130000 - 0x00007ff9643b4000 	C:\WINDOWS\WinSxS\amd64_microsoft.windows.common-controls_6595b64144ccf1df_6.0.18362.1500_none_9e79be6de462295c\COMCTL32.dll
0x00007ff979e50000 - 0x00007ff979fe8000 	C:\WINDOWS\System32\gdi32full.dll
0x00007ff97b050000 - 0x00007ff97b0ee000 	C:\WINDOWS\System32\msvcrt.dll
0x00007ff97a9b0000 - 0x00007ff97aa4e000 	C:\WINDOWS\System32\msvcp_win.dll
0x00007ff97b170000 - 0x00007ff97b4a6000 	C:\WINDOWS\System32\combase.dll
0x00007ff97c620000 - 0x00007ff97c73f000 	C:\WINDOWS\System32\RPCRT4.dll
0x00007ff97ac00000 - 0x00007ff97ac81000 	C:\WINDOWS\System32\bcryptPrimitives.dll
0x00007ff97bfe0000 - 0x00007ff97c00e000 	C:\WINDOWS\System32\IMM32.DLL
0x00007ff95c340000 - 0x00007ff95c3dd000 	C:\Program Files\Android\Android Studio\jre\bin\msvcp140.dll
0x00007ff938290000 - 0x00007ff938d4c000 	C:\Program Files\Android\Android Studio\jre\bin\server\jvm.dll
0x00007ff97ca30000 - 0x00007ff97cad3000 	C:\WINDOWS\System32\ADVAPI32.dll
0x00007ff97cd50000 - 0x00007ff97cde7000 	C:\WINDOWS\System32\sechost.dll
0x00007ff97af90000 - 0x00007ff97af98000 	C:\WINDOWS\System32\PSAPI.DLL
0x00007ff9675b0000 - 0x00007ff9675b9000 	C:\WINDOWS\SYSTEM32\WSOCK32.dll
0x00007ff97c9c0000 - 0x00007ff97ca2f000 	C:\WINDOWS\System32\WS2_32.dll
0x00007ff977f00000 - 0x00007ff977f24000 	C:\WINDOWS\SYSTEM32\WINMM.dll
0x00007ff977d80000 - 0x00007ff977dad000 	C:\WINDOWS\SYSTEM32\winmmbase.dll
0x00007ff97ac90000 - 0x00007ff97acda000 	C:\WINDOWS\System32\cfgmgr32.dll
0x00007ff973af0000 - 0x00007ff973afa000 	C:\WINDOWS\SYSTEM32\VERSION.dll
0x00007ff979e10000 - 0x00007ff979e21000 	C:\WINDOWS\System32\kernel.appcore.dll
0x00007ff974e20000 - 0x00007ff974e31000 	C:\Program Files\Android\Android Studio\jre\bin\verify.dll
0x00007ff9746d0000 - 0x00007ff9748c4000 	C:\WINDOWS\SYSTEM32\DBGHELP.DLL
0x00007ff9744a0000 - 0x00007ff9744ca000 	C:\WINDOWS\SYSTEM32\dbgcore.DLL
0x00007ff972c50000 - 0x00007ff972c79000 	C:\Program Files\Android\Android Studio\jre\bin\java.dll
0x00007ff976070000 - 0x00007ff97607b000 	C:\Program Files\Android\Android Studio\jre\bin\jimage.dll
0x00007ff9734c0000 - 0x00007ff9734d8000 	C:\Program Files\Android\Android Studio\jre\bin\zip.dll
0x00007ff97b5d0000 - 0x00007ff97bcb8000 	C:\WINDOWS\System32\SHELL32.dll
0x00007ff97b520000 - 0x00007ff97b5c7000 	C:\WINDOWS\System32\shcore.dll
0x00007ff979ff0000 - 0x00007ff97a76b000 	C:\WINDOWS\System32\windows.storage.dll
0x00007ff979df0000 - 0x00007ff979e0e000 	C:\WINDOWS\System32\profapi.dll
0x00007ff979da0000 - 0x00007ff979dea000 	C:\WINDOWS\System32\powrprof.dll
0x00007ff979d90000 - 0x00007ff979da0000 	C:\WINDOWS\System32\UMPDC.dll
0x00007ff97c090000 - 0x00007ff97c0e2000 	C:\WINDOWS\System32\shlwapi.dll
0x00007ff97ab80000 - 0x00007ff97ab97000 	C:\WINDOWS\System32\cryptsp.dll
0x00007ff972ea0000 - 0x00007ff972eba000 	C:\Program Files\Android\Android Studio\jre\bin\net.dll
0x00007ff970830000 - 0x00007ff97092a000 	C:\WINDOWS\SYSTEM32\WINHTTP.dll
0x00007ff979570000 - 0x00007ff9795d7000 	C:\WINDOWS\system32\mswsock.dll
0x00007ff969020000 - 0x00007ff969034000 	C:\Program Files\Android\Android Studio\jre\bin\nio.dll
0x00007ff968770000 - 0x00007ff968797000 	C:\Users\Den-lpr\.gradle\native\fdc75f09e3144964f2cf3f50f0aa648679c211496f362492102eb8c894070792\windows-amd64\native-platform.dll
0x00007ff963660000 - 0x00007ff9637f6000 	C:\Users\Den-lpr\.gradle\native\12488b8bf47d2d4c9fbf2f6322a914ad602e24e48041cd04a747c6da556b65c4\windows-amd64\native-platform-file-events.dll
0x00007ff972d90000 - 0x00007ff972d9a000 	C:\Program Files\Android\Android Studio\jre\bin\management.dll
0x00007ff972c40000 - 0x00007ff972c4c000 	C:\Program Files\Android\Android Studio\jre\bin\management_ext.dll
0x00007ff9790f0000 - 0x00007ff979123000 	C:\WINDOWS\system32\rsaenh.dll
0x00007ff97a980000 - 0x00007ff97a9a6000 	C:\WINDOWS\System32\bcrypt.dll
0x00007ff979cb0000 - 0x00007ff979cd5000 	C:\WINDOWS\SYSTEM32\USERENV.dll
0x00007ff979740000 - 0x00007ff97974c000 	C:\WINDOWS\SYSTEM32\CRYPTBASE.dll
0x00007ff979280000 - 0x00007ff9792ba000 	C:\WINDOWS\SYSTEM32\IPHLPAPI.DLL
0x00007ff97b4b0000 - 0x00007ff97b4b8000 	C:\WINDOWS\System32\NSI.dll
0x00007ff973a90000 - 0x00007ff973aa6000 	C:\WINDOWS\SYSTEM32\dhcpcsvc6.DLL
0x00007ff9739d0000 - 0x00007ff9739ec000 	C:\WINDOWS\SYSTEM32\dhcpcsvc.DLL
0x00007ff9792c0000 - 0x00007ff97938b000 	C:\WINDOWS\SYSTEM32\DNSAPI.dll
0x00007ff9742c0000 - 0x00007ff9742cb000 	C:\WINDOWS\SYSTEM32\WINNSI.DLL
0x00007ff965210000 - 0x00007ff96522e000 	C:\Users\Den-lpr\AppData\Local\Temp\native-platform3368465614265668370dir\native-platform.dll
0x00007ff969040000 - 0x00007ff969048000 	C:\Program Files\Android\Android Studio\jre\bin\rmi.dll

dbghelp: loaded successfully - version: 4.0.5 - missing functions: none
symbol engine: initialized successfully - sym options: 0x614 - pdb path: .;C:\Program Files\Android\Android Studio\jre\bin;C:\WINDOWS\SYSTEM32;C:\WINDOWS\WinSxS\amd64_microsoft.windows.common-controls_6595b64144ccf1df_6.0.18362.1500_none_9e79be6de462295c;C:\Program Files\Android\Android Studio\jre\bin\server;C:\Users\Den-lpr\.gradle\native\fdc75f09e3144964f2cf3f50f0aa648679c211496f362492102eb8c894070792\windows-amd64;C:\Users\Den-lpr\.gradle\native\12488b8bf47d2d4c9fbf2f6322a914ad602e24e48041cd04a747c6da556b65c4\windows-amd64;C:\Users\Den-lpr\AppData\Local\Temp\native-platform3368465614265668370dir

VM Arguments:
jvm_args: --add-opens=java.base/java.util=ALL-UNNAMED --add-opens=java.base/java.lang=ALL-UNNAMED --add-opens=java.base/java.lang.invoke=ALL-UNNAMED --add-opens=java.prefs/java.util.prefs=ALL-UNNAMED -Xmx2048m -Dfile.encoding=UTF-8 -Duser.country=RU -Duser.language=ru -Duser.variant 
java_command: org.gradle.launcher.daemon.bootstrap.GradleDaemon 6.7.1
java_class_path (initial): C:\Users\Den-lpr\.gradle\wrapper\dists\gradle-6.7.1-bin\bwlcbys1h7rz3272sye1xwiv6\gradle-6.7.1\lib\gradle-launcher-6.7.1.jar
Launcher Type: SUN_STANDARD

[Global flags]
     intx CICompilerCount                          = 3                                         {product} {ergonomic}
     uint ConcGCThreads                            = 2                                         {product} {ergonomic}
     uint G1ConcRefinementThreads                  = 6                                         {product} {ergonomic}
   size_t G1HeapRegionSize                         = 1048576                                   {product} {ergonomic}
    uintx GCDrainStackTargetSize                   = 64                                        {product} {ergonomic}
   size_t InitialHeapSize                          = 132120576                                 {product} {ergonomic}
   size_t MarkStackSize                            = 4194304                                   {product} {ergonomic}
   size_t MaxHeapSize                              = 2147483648                                {product} {command line}
   size_t MaxNewSize                               = 1287651328                                {product} {ergonomic}
   size_t MinHeapDeltaBytes                        = 1048576                                   {product} {ergonomic}
    uintx NonNMethodCodeHeapSize                   = 5830732                                {pd product} {ergonomic}
    uintx NonProfiledCodeHeapSize                  = 122913754                              {pd product} {ergonomic}
    uintx ProfiledCodeHeapSize                     = 122913754                              {pd product} {ergonomic}
    uintx ReservedCodeCacheSize                    = 251658240                              {pd product} {ergonomic}
     bool SegmentedCodeCache                       = true                                      {product} {ergonomic}
     bool UseCompressedClassPointers               = true                                 {lp64_product} {ergonomic}
     bool UseCompressedOops                        = true                                 {lp64_product} {ergonomic}
     bool UseG1GC                                  = true                                      {product} {ergonomic}
     bool UseLargePagesIndividualAllocation        = false                                  {pd product} {ergonomic}

Logging:
Log output configuration:
 #0: stdout all=warning uptime,level,tags
 #1: stderr all=off uptime,level,tags

Environment Variables:
JAVA_HOME=C:\Program Files (x86)\Java\jre1.8.0_241\bin\java.exe
PATH="C:\Program Files (x86)\Common Files\Oracle\Java\javapath;C:\Program Files (x86)\Java\jre1.8.0_241\bin\java.exe";C:\Program Files\TortoiseGit\bin;C:\Program Files\Git\cmd;C:\WINDOWS\system32;C:\WINDOWS;C:\WINDOWS\System32\Wbem;C:\WINDOWS\System32\WindowsPowerShell\v1.0\;C:\WINDOWS\System32\OpenSSH\;C:\Program Files (x86)\Common Files\Oracle\Java\javapath\java.exe;C:\Program Files\Java\jre1.8.0_241;C:\Program Files\JetBrains\IntelliJ IDEA Community Edition 2019.3.4\bin;C:\Users\Den-lpr\AppData\Local\GitHubDesktop\bin;%USERPROFILE%\AppData\Local\Microsoft\WindowsApps;
USERNAME=Den-lpr
OS=Windows_NT
PROCESSOR_IDENTIFIER=Intel64 Family 6 Model 158 Stepping 10, GenuineIntel



---------------  S Y S T E M  ---------------

OS: Windows 10 , 64 bit Build 18362 (10.0.18362.1500)
OS uptime: 24 days 22:15 hours

CPU:total 6 (initial active 6) (6 cores per cpu, 1 threads per core) family 6 model 158 stepping 10, cmov, cx8, fxsr, mmx, sse, sse2, sse3, ssse3, sse4.1, sse4.2, popcnt, avx, avx2, aes, clmul, erms, 3dnowpref, lzcnt, tsc, tscinvbit, bmi1, bmi2, adx, fma

Memory: 4k page, system-wide physical 8053M (596M free)
TotalPageFile size 12704M (AvailPageFile size 197M)
current process WorkingSet (physical memory assigned to process): 529M, peak: 531M
current process commit charge ("private bytes"): 580M, peak: 801M

vm_info: OpenJDK 64-Bit Server VM (11.0.8+10-b944.6842174) for windows-amd64 JRE (11.0.8+10-b944.6842174), built on Sep 19 2020 01:11:42 by "builder" with MS VC++ 14.0 (VS2015)

END.
